The system is: Linux - 4.4.11-v7+ - armv7l
Compiling the C compiler identification source file "CMakeCCompilerId.c" succeeded.
Compiler: /usr/bin/cc 
Build flags: 
Id flags: 

The output was:
0


Compilation of the C compiler identification source "CMakeCCompilerId.c" produced "a.out"

The C compiler identification is GNU, found in "/home/pi/wakaama/examples/client/CMakeFiles/3.6.2/CompilerIdC/a.out"

Compiling the CXX compiler identification source file "CMakeCXXCompilerId.cpp" succeeded.
Compiler: /usr/bin/c++ 
Build flags: 
Id flags: 

The output was:
0


Compilation of the CXX compiler identification source "CMakeCXXCompilerId.cpp" produced "a.out"

The CXX compiler identification is GNU, found in "/home/pi/wakaama/examples/client/CMakeFiles/3.6.2/CompilerIdCXX/a.out"

Determining if the C compiler works passed with the following output:
Change Dir: /home/pi/wakaama/examples/client/CMakeFiles/CMakeTmp

Run Build Command:"/usr/bin/make" "cmTC_59659/fast"
/usr/bin/make -f CMakeFiles/cmTC_59659.dir/build.make CMakeFiles/cmTC_59659.dir/build
make[1]: Entering directory '/home/pi/wakaama/examples/client/CMakeFiles/CMakeTmp'
Building C object CMakeFiles/cmTC_59659.dir/testCCompiler.c.o
/usr/bin/cc     -o CMakeFiles/cmTC_59659.dir/testCCompiler.c.o   -c /home/pi/wakaama/examples/client/CMakeFiles/CMakeTmp/testCCompiler.c
Linking C executable cmTC_59659
/usr/bin/cmake -E cmake_link_script CMakeFiles/cmTC_59659.dir/link.txt --verbose=1
/usr/bin/cc       CMakeFiles/cmTC_59659.dir/testCCompiler.c.o  -o cmTC_59659 -rdynamic 
make[1]: Leaving directory '/home/pi/wakaama/examples/client/CMakeFiles/CMakeTmp'


Detecting C compiler ABI info compiled with the following output:
Change Dir: /home/pi/wakaama/examples/client/CMakeFiles/CMakeTmp

Run Build Command:"/usr/bin/make" "cmTC_4ecb0/fast"
/usr/bin/make -f CMakeFiles/cmTC_4ecb0.dir/build.make CMakeFiles/cmTC_4ecb0.dir/build
make[1]: Entering directory '/home/pi/wakaama/examples/client/CMakeFiles/CMakeTmp'
Building C object CMakeFiles/cmTC_4ecb0.dir/CMakeCCompilerABI.c.o
/usr/bin/cc     -o CMakeFiles/cmTC_4ecb0.dir/CMakeCCompilerABI.c.o   -c /usr/share/cmake-3.6/Modules/CMakeCCompilerABI.c
Linking C executable cmTC_4ecb0
/usr/bin/cmake -E cmake_link_script CMakeFiles/cmTC_4ecb0.dir/link.txt --verbose=1
/usr/bin/cc      -v CMakeFiles/cmTC_4ecb0.dir/CMakeCCompilerABI.c.o  -o cmTC_4ecb0 -rdynamic  
Using built-in specs.
COLLECT_GCC=/usr/bin/cc
COLLECT_LTO_WRAPPER=/usr/lib/gcc/arm-linux-gnueabihf/4.9/lto-wrapper
Target: arm-linux-gnueabihf
Configured with: ../src/configure -v --with-pkgversion='Raspbian 4.9.2-10' --with-bugurl=file:///usr/share/doc/gcc-4.9/README.Bugs --enable-languages=c,c++,java,go,d,fortran,objc,obj-c++ --prefix=/usr --program-suffix=-4.9 --enable-shared --enable-linker-build-id --libexecdir=/usr/lib --without-included-gettext --enable-threads=posix --with-gxx-include-dir=/usr/include/c++/4.9 --libdir=/usr/lib --enable-nls --with-sysroot=/ --enable-clocale=gnu --enable-libstdcxx-debug --enable-libstdcxx-time=yes --enable-gnu-unique-object --disable-libitm --disable-libquadmath --enable-plugin --with-system-zlib --disable-browser-plugin --enable-java-awt=gtk --enable-gtk-cairo --with-java-home=/usr/lib/jvm/java-1.5.0-gcj-4.9-armhf/jre --enable-java-home --with-jvm-root-dir=/usr/lib/jvm/java-1.5.0-gcj-4.9-armhf --with-jvm-jar-dir=/usr/lib/jvm-exports/java-1.5.0-gcj-4.9-armhf --with-arch-directory=arm --with-ecj-jar=/usr/share/java/eclipse-ecj.jar --enable-objc-gc --enable-multiarch --disable-sjlj-exceptions --with-arch=armv6 --with-fpu=vfp --with-float=hard --enable-checking=release --build=arm-linux-gnueabihf --host=arm-linux-gnueabihf --target=arm-linux-gnueabihf
Thread model: posix
gcc version 4.9.2 (Raspbian 4.9.2-10) 
COMPILER_PATH=/usr/lib/gcc/arm-linux-gnueabihf/4.9/:/usr/lib/gcc/arm-linux-gnueabihf/4.9/:/usr/lib/gcc/arm-linux-gnueabihf/:/usr/lib/gcc/arm-linux-gnueabihf/4.9/:/usr/lib/gcc/arm-linux-gnueabihf/
LIBRARY_PATH=/usr/lib/gcc/arm-linux-gnueabihf/4.9/:/usr/lib/gcc/arm-linux-gnueabihf/4.9/../../../arm-linux-gnueabihf/:/usr/lib/gcc/arm-linux-gnueabihf/4.9/../../../:/lib/arm-linux-gnueabihf/:/lib/:/usr/lib/arm-linux-gnueabihf/:/usr/lib/
COLLECT_GCC_OPTIONS='-v' '-o' 'cmTC_4ecb0' '-rdynamic' '-march=armv6' '-mfloat-abi=hard' '-mfpu=vfp' '-mtls-dialect=gnu'
 /usr/lib/gcc/arm-linux-gnueabihf/4.9/collect2 -plugin /usr/lib/gcc/arm-linux-gnueabihf/4.9/liblto_plugin.so -plugin-opt=/usr/lib/gcc/arm-linux-gnueabihf/4.9/lto-wrapper -plugin-opt=-fresolution=/tmp/ccLE01we.res -plugin-opt=-pass-through=-lgcc -plugin-opt=-pass-through=-lgcc_s -plugin-opt=-pass-through=-lc -plugin-opt=-pass-through=-lgcc -plugin-opt=-pass-through=-lgcc_s --sysroot=/ --build-id --eh-frame-hdr -export-dynamic -dynamic-linker /lib/ld-linux-armhf.so.3 -X --hash-style=gnu -m armelf_linux_eabi -o cmTC_4ecb0 /usr/lib/gcc/arm-linux-gnueabihf/4.9/../../../arm-linux-gnueabihf/crt1.o /usr/lib/gcc/arm-linux-gnueabihf/4.9/../../../arm-linux-gnueabihf/crti.o /usr/lib/gcc/arm-linux-gnueabihf/4.9/crtbegin.o -L/usr/lib/gcc/arm-linux-gnueabihf/4.9 -L/usr/lib/gcc/arm-linux-gnueabihf/4.9/../../../arm-linux-gnueabihf -L/usr/lib/gcc/arm-linux-gnueabihf/4.9/../../.. -L/lib/arm-linux-gnueabihf -L/usr/lib/arm-linux-gnueabihf CMakeFiles/cmTC_4ecb0.dir/CMakeCCompilerABI.c.o -lgcc --as-needed -lgcc_s --no-as-needed -lc -lgcc --as-needed -lgcc_s --no-as-needed /usr/lib/gcc/arm-linux-gnueabihf/4.9/crtend.o /usr/lib/gcc/arm-linux-gnueabihf/4.9/../../../arm-linux-gnueabihf/crtn.o
make[1]: Leaving directory '/home/pi/wakaama/examples/client/CMakeFiles/CMakeTmp'


Parsed C implicit link information from above output:
  link line regex: [^( *|.*[/\])(ld|([^/\]+-)?ld|collect2)[^/\]*( |$)]
  ignore line: [Change Dir: /home/pi/wakaama/examples/client/CMakeFiles/CMakeTmp]
  ignore line: []
  ignore line: [Run Build Command:"/usr/bin/make" "cmTC_4ecb0/fast"]
  ignore line: [/usr/bin/make -f CMakeFiles/cmTC_4ecb0.dir/build.make CMakeFiles/cmTC_4ecb0.dir/build]
  ignore line: [make[1]: Entering directory '/home/pi/wakaama/examples/client/CMakeFiles/CMakeTmp']
  ignore line: [Building C object CMakeFiles/cmTC_4ecb0.dir/CMakeCCompilerABI.c.o]
  ignore line: [/usr/bin/cc     -o CMakeFiles/cmTC_4ecb0.dir/CMakeCCompilerABI.c.o   -c /usr/share/cmake-3.6/Modules/CMakeCCompilerABI.c]
  ignore line: [Linking C executable cmTC_4ecb0]
  ignore line: [/usr/bin/cmake -E cmake_link_script CMakeFiles/cmTC_4ecb0.dir/link.txt --verbose=1]
  ignore line: [/usr/bin/cc      -v CMakeFiles/cmTC_4ecb0.dir/CMakeCCompilerABI.c.o  -o cmTC_4ecb0 -rdynamic  ]
  ignore line: [Using built-in specs.]
  ignore line: [COLLECT_GCC=/usr/bin/cc]
  ignore line: [COLLECT_LTO_WRAPPER=/usr/lib/gcc/arm-linux-gnueabihf/4.9/lto-wrapper]
  ignore line: [Target: arm-linux-gnueabihf]
  ignore line: [Configured with: ../src/configure -v --with-pkgversion='Raspbian 4.9.2-10' --with-bugurl=file:///usr/share/doc/gcc-4.9/README.Bugs --enable-languages=c,c++,java,go,d,fortran,objc,obj-c++ --prefix=/usr --program-suffix=-4.9 --enable-shared --enable-linker-build-id --libexecdir=/usr/lib --without-included-gettext --enable-threads=posix --with-gxx-include-dir=/usr/include/c++/4.9 --libdir=/usr/lib --enable-nls --with-sysroot=/ --enable-clocale=gnu --enable-libstdcxx-debug --enable-libstdcxx-time=yes --enable-gnu-unique-object --disable-libitm --disable-libquadmath --enable-plugin --with-system-zlib --disable-browser-plugin --enable-java-awt=gtk --enable-gtk-cairo --with-java-home=/usr/lib/jvm/java-1.5.0-gcj-4.9-armhf/jre --enable-java-home --with-jvm-root-dir=/usr/lib/jvm/java-1.5.0-gcj-4.9-armhf --with-jvm-jar-dir=/usr/lib/jvm-exports/java-1.5.0-gcj-4.9-armhf --with-arch-directory=arm --with-ecj-jar=/usr/share/java/eclipse-ecj.jar --enable-objc-gc --enable-multiarch --disable-sjlj-exceptions --with-arch=armv6 --with-fpu=vfp --with-float=hard --enable-checking=release --build=arm-linux-gnueabihf --host=arm-linux-gnueabihf --target=arm-linux-gnueabihf]
  ignore line: [Thread model: posix]
  ignore line: [gcc version 4.9.2 (Raspbian 4.9.2-10) ]
  ignore line: [COMPILER_PATH=/usr/lib/gcc/arm-linux-gnueabihf/4.9/:/usr/lib/gcc/arm-linux-gnueabihf/4.9/:/usr/lib/gcc/arm-linux-gnueabihf/:/usr/lib/gcc/arm-linux-gnueabihf/4.9/:/usr/lib/gcc/arm-linux-gnueabihf/]
  ignore line: [LIBRARY_PATH=/usr/lib/gcc/arm-linux-gnueabihf/4.9/:/usr/lib/gcc/arm-linux-gnueabihf/4.9/../../../arm-linux-gnueabihf/:/usr/lib/gcc/arm-linux-gnueabihf/4.9/../../../:/lib/arm-linux-gnueabihf/:/lib/:/usr/lib/arm-linux-gnueabihf/:/usr/lib/]
  ignore line: [COLLECT_GCC_OPTIONS='-v' '-o' 'cmTC_4ecb0' '-rdynamic' '-march=armv6' '-mfloat-abi=hard' '-mfpu=vfp' '-mtls-dialect=gnu']
  link line: [ /usr/lib/gcc/arm-linux-gnueabihf/4.9/collect2 -plugin /usr/lib/gcc/arm-linux-gnueabihf/4.9/liblto_plugin.so -plugin-opt=/usr/lib/gcc/arm-linux-gnueabihf/4.9/lto-wrapper -plugin-opt=-fresolution=/tmp/ccLE01we.res -plugin-opt=-pass-through=-lgcc -plugin-opt=-pass-through=-lgcc_s -plugin-opt=-pass-through=-lc -plugin-opt=-pass-through=-lgcc -plugin-opt=-pass-through=-lgcc_s --sysroot=/ --build-id --eh-frame-hdr -export-dynamic -dynamic-linker /lib/ld-linux-armhf.so.3 -X --hash-style=gnu -m armelf_linux_eabi -o cmTC_4ecb0 /usr/lib/gcc/arm-linux-gnueabihf/4.9/../../../arm-linux-gnueabihf/crt1.o /usr/lib/gcc/arm-linux-gnueabihf/4.9/../../../arm-linux-gnueabihf/crti.o /usr/lib/gcc/arm-linux-gnueabihf/4.9/crtbegin.o -L/usr/lib/gcc/arm-linux-gnueabihf/4.9 -L/usr/lib/gcc/arm-linux-gnueabihf/4.9/../../../arm-linux-gnueabihf -L/usr/lib/gcc/arm-linux-gnueabihf/4.9/../../.. -L/lib/arm-linux-gnueabihf -L/usr/lib/arm-linux-gnueabihf CMakeFiles/cmTC_4ecb0.dir/CMakeCCompilerABI.c.o -lgcc --as-needed -lgcc_s --no-as-needed -lc -lgcc --as-needed -lgcc_s --no-as-needed /usr/lib/gcc/arm-linux-gnueabihf/4.9/crtend.o /usr/lib/gcc/arm-linux-gnueabihf/4.9/../../../arm-linux-gnueabihf/crtn.o]
    arg [/usr/lib/gcc/arm-linux-gnueabihf/4.9/collect2] ==> ignore
    arg [-plugin] ==> ignore
    arg [/usr/lib/gcc/arm-linux-gnueabihf/4.9/liblto_plugin.so] ==> ignore
    arg [-plugin-opt=/usr/lib/gcc/arm-linux-gnueabihf/4.9/lto-wrapper] ==> ignore
    arg [-plugin-opt=-fresolution=/tmp/ccLE01we.res] ==> ignore
    arg [-plugin-opt=-pass-through=-lgcc] ==> ignore
    arg [-plugin-opt=-pass-through=-lgcc_s] ==> ignore
    arg [-plugin-opt=-pass-through=-lc] ==> ignore
    arg [-plugin-opt=-pass-through=-lgcc] ==> ignore
    arg [-plugin-opt=-pass-through=-lgcc_s] ==> ignore
    arg [--sysroot=/] ==> ignore
    arg [--build-id] ==> ignore
    arg [--eh-frame-hdr] ==> ignore
    arg [-export-dynamic] ==> ignore
    arg [-dynamic-linker] ==> ignore
    arg [/lib/ld-linux-armhf.so.3] ==> ignore
    arg [-X] ==> ignore
    arg [--hash-style=gnu] ==> ignore
    arg [-m] ==> ignore
    arg [armelf_linux_eabi] ==> ignore
    arg [-o] ==> ignore
    arg [cmTC_4ecb0] ==> ignore
    arg [/usr/lib/gcc/arm-linux-gnueabihf/4.9/../../../arm-linux-gnueabihf/crt1.o] ==> ignore
    arg [/usr/lib/gcc/arm-linux-gnueabihf/4.9/../../../arm-linux-gnueabihf/crti.o] ==> ignore
    arg [/usr/lib/gcc/arm-linux-gnueabihf/4.9/crtbegin.o] ==> ignore
    arg [-L/usr/lib/gcc/arm-linux-gnueabihf/4.9] ==> dir [/usr/lib/gcc/arm-linux-gnueabihf/4.9]
    arg [-L/usr/lib/gcc/arm-linux-gnueabihf/4.9/../../../arm-linux-gnueabihf] ==> dir [/usr/lib/gcc/arm-linux-gnueabihf/4.9/../../../arm-linux-gnueabihf]
    arg [-L/usr/lib/gcc/arm-linux-gnueabihf/4.9/../../..] ==> dir [/usr/lib/gcc/arm-linux-gnueabihf/4.9/../../..]
    arg [-L/lib/arm-linux-gnueabihf] ==> dir [/lib/arm-linux-gnueabihf]
    arg [-L/usr/lib/arm-linux-gnueabihf] ==> dir [/usr/lib/arm-linux-gnueabihf]
    arg [CMakeFiles/cmTC_4ecb0.dir/CMakeCCompilerABI.c.o] ==> ignore
    arg [-lgcc] ==> lib [gcc]
    arg [--as-needed] ==> ignore
    arg [-lgcc_s] ==> lib [gcc_s]
    arg [--no-as-needed] ==> ignore
    arg [-lc] ==> lib [c]
    arg [-lgcc] ==> lib [gcc]
    arg [--as-needed] ==> ignore
    arg [-lgcc_s] ==> lib [gcc_s]
    arg [--no-as-needed] ==> ignore
    arg [/usr/lib/gcc/arm-linux-gnueabihf/4.9/crtend.o] ==> ignore
    arg [/usr/lib/gcc/arm-linux-gnueabihf/4.9/../../../arm-linux-gnueabihf/crtn.o] ==> ignore
  remove lib [gcc]
  remove lib [gcc_s]
  remove lib [gcc]
  remove lib [gcc_s]
  collapse library dir [/usr/lib/gcc/arm-linux-gnueabihf/4.9] ==> [/usr/lib/gcc/arm-linux-gnueabihf/4.9]
  collapse library dir [/usr/lib/gcc/arm-linux-gnueabihf/4.9/../../../arm-linux-gnueabihf] ==> [/usr/lib/arm-linux-gnueabihf]
  collapse library dir [/usr/lib/gcc/arm-linux-gnueabihf/4.9/../../..] ==> [/usr/lib]
  collapse library dir [/lib/arm-linux-gnueabihf] ==> [/lib/arm-linux-gnueabihf]
  collapse library dir [/usr/lib/arm-linux-gnueabihf] ==> [/usr/lib/arm-linux-gnueabihf]
  implicit libs: [c]
  implicit dirs: [/usr/lib/gcc/arm-linux-gnueabihf/4.9;/usr/lib/arm-linux-gnueabihf;/usr/lib;/lib/arm-linux-gnueabihf]
  implicit fwks: []




Detecting C [-std=c11] compiler features compiled with the following output:
Change Dir: /home/pi/wakaama/examples/client/CMakeFiles/CMakeTmp

Run Build Command:"/usr/bin/make" "cmTC_281f8/fast"
/usr/bin/make -f CMakeFiles/cmTC_281f8.dir/build.make CMakeFiles/cmTC_281f8.dir/build
make[1]: Entering directory '/home/pi/wakaama/examples/client/CMakeFiles/CMakeTmp'
Building C object CMakeFiles/cmTC_281f8.dir/feature_tests.c.o
/usr/bin/cc    -std=c11 -o CMakeFiles/cmTC_281f8.dir/feature_tests.c.o   -c /home/pi/wakaama/examples/client/CMakeFiles/feature_tests.c
Linking C executable cmTC_281f8
/usr/bin/cmake -E cmake_link_script CMakeFiles/cmTC_281f8.dir/link.txt --verbose=1
/usr/bin/cc       CMakeFiles/cmTC_281f8.dir/feature_tests.c.o  -o cmTC_281f8 -rdynamic 
make[1]: Leaving directory '/home/pi/wakaama/examples/client/CMakeFiles/CMakeTmp'


    Feature record: C_FEATURE:1c_function_prototypes
    Feature record: C_FEATURE:1c_restrict
    Feature record: C_FEATURE:1c_static_assert
    Feature record: C_FEATURE:1c_variadic_macros


Detecting C [-std=c99] compiler features compiled with the following output:
Change Dir: /home/pi/wakaama/examples/client/CMakeFiles/CMakeTmp

Run Build Command:"/usr/bin/make" "cmTC_61e13/fast"
/usr/bin/make -f CMakeFiles/cmTC_61e13.dir/build.make CMakeFiles/cmTC_61e13.dir/build
make[1]: Entering directory '/home/pi/wakaama/examples/client/CMakeFiles/CMakeTmp'
Building C object CMakeFiles/cmTC_61e13.dir/feature_tests.c.o
/usr/bin/cc    -std=c99 -o CMakeFiles/cmTC_61e13.dir/feature_tests.c.o   -c /home/pi/wakaama/examples/client/CMakeFiles/feature_tests.c
Linking C executable cmTC_61e13
/usr/bin/cmake -E cmake_link_script CMakeFiles/cmTC_61e13.dir/link.txt --verbose=1
/usr/bin/cc       CMakeFiles/cmTC_61e13.dir/feature_tests.c.o  -o cmTC_61e13 -rdynamic 
make[1]: Leaving directory '/home/pi/wakaama/examples/client/CMakeFiles/CMakeTmp'


    Feature record: C_FEATURE:1c_function_prototypes
    Feature record: C_FEATURE:1c_restrict
    Feature record: C_FEATURE:0c_static_assert
    Feature record: C_FEATURE:1c_variadic_macros


Detecting C [-std=c90] compiler features compiled with the following output:
Change Dir: /home/pi/wakaama/examples/client/CMakeFiles/CMakeTmp

Run Build Command:"/usr/bin/make" "cmTC_92e66/fast"
/usr/bin/make -f CMakeFiles/cmTC_92e66.dir/build.make CMakeFiles/cmTC_92e66.dir/build
make[1]: Entering directory '/home/pi/wakaama/examples/client/CMakeFiles/CMakeTmp'
Building C object CMakeFiles/cmTC_92e66.dir/feature_tests.c.o
/usr/bin/cc    -std=c90 -o CMakeFiles/cmTC_92e66.dir/feature_tests.c.o   -c /home/pi/wakaama/examples/client/CMakeFiles/feature_tests.c
Linking C executable cmTC_92e66
/usr/bin/cmake -E cmake_link_script CMakeFiles/cmTC_92e66.dir/link.txt --verbose=1
/usr/bin/cc       CMakeFiles/cmTC_92e66.dir/feature_tests.c.o  -o cmTC_92e66 -rdynamic 
make[1]: Leaving directory '/home/pi/wakaama/examples/client/CMakeFiles/CMakeTmp'


    Feature record: C_FEATURE:1c_function_prototypes
    Feature record: C_FEATURE:0c_restrict
    Feature record: C_FEATURE:0c_static_assert
    Feature record: C_FEATURE:0c_variadic_macros
Determining if the CXX compiler works passed with the following output:
Change Dir: /home/pi/wakaama/examples/client/CMakeFiles/CMakeTmp

Run Build Command:"/usr/bin/make" "cmTC_b7fe2/fast"
/usr/bin/make -f CMakeFiles/cmTC_b7fe2.dir/build.make CMakeFiles/cmTC_b7fe2.dir/build
make[1]: Entering directory '/home/pi/wakaama/examples/client/CMakeFiles/CMakeTmp'
Building CXX object CMakeFiles/cmTC_b7fe2.dir/testCXXCompiler.cxx.o
/usr/bin/c++      -o CMakeFiles/cmTC_b7fe2.dir/testCXXCompiler.cxx.o -c /home/pi/wakaama/examples/client/CMakeFiles/CMakeTmp/testCXXCompiler.cxx
Linking CXX executable cmTC_b7fe2
/usr/bin/cmake -E cmake_link_script CMakeFiles/cmTC_b7fe2.dir/link.txt --verbose=1
/usr/bin/c++        CMakeFiles/cmTC_b7fe2.dir/testCXXCompiler.cxx.o  -o cmTC_b7fe2 -rdynamic 
make[1]: Leaving directory '/home/pi/wakaama/examples/client/CMakeFiles/CMakeTmp'


Detecting CXX compiler ABI info compiled with the following output:
Change Dir: /home/pi/wakaama/examples/client/CMakeFiles/CMakeTmp

Run Build Command:"/usr/bin/make" "cmTC_8d023/fast"
/usr/bin/make -f CMakeFiles/cmTC_8d023.dir/build.make CMakeFiles/cmTC_8d023.dir/build
make[1]: Entering directory '/home/pi/wakaama/examples/client/CMakeFiles/CMakeTmp'
Building CXX object CMakeFiles/cmTC_8d023.dir/CMakeCXXCompilerABI.cpp.o
/usr/bin/c++      -o CMakeFiles/cmTC_8d023.dir/CMakeCXXCompilerABI.cpp.o -c /usr/share/cmake-3.6/Modules/CMakeCXXCompilerABI.cpp
Linking CXX executable cmTC_8d023
/usr/bin/cmake -E cmake_link_script CMakeFiles/cmTC_8d023.dir/link.txt --verbose=1
/usr/bin/c++       -v CMakeFiles/cmTC_8d023.dir/CMakeCXXCompilerABI.cpp.o  -o cmTC_8d023 -rdynamic  
Using built-in specs.
COLLECT_GCC=/usr/bin/c++
COLLECT_LTO_WRAPPER=/usr/lib/gcc/arm-linux-gnueabihf/4.9/lto-wrapper
Target: arm-linux-gnueabihf
Configured with: ../src/configure -v --with-pkgversion='Raspbian 4.9.2-10' --with-bugurl=file:///usr/share/doc/gcc-4.9/README.Bugs --enable-languages=c,c++,java,go,d,fortran,objc,obj-c++ --prefix=/usr --program-suffix=-4.9 --enable-shared --enable-linker-build-id --libexecdir=/usr/lib --without-included-gettext --enable-threads=posix --with-gxx-include-dir=/usr/include/c++/4.9 --libdir=/usr/lib --enable-nls --with-sysroot=/ --enable-clocale=gnu --enable-libstdcxx-debug --enable-libstdcxx-time=yes --enable-gnu-unique-object --disable-libitm --disable-libquadmath --enable-plugin --with-system-zlib --disable-browser-plugin --enable-java-awt=gtk --enable-gtk-cairo --with-java-home=/usr/lib/jvm/java-1.5.0-gcj-4.9-armhf/jre --enable-java-home --with-jvm-root-dir=/usr/lib/jvm/java-1.5.0-gcj-4.9-armhf --with-jvm-jar-dir=/usr/lib/jvm-exports/java-1.5.0-gcj-4.9-armhf --with-arch-directory=arm --with-ecj-jar=/usr/share/java/eclipse-ecj.jar --enable-objc-gc --enable-multiarch --disable-sjlj-exceptions --with-arch=armv6 --with-fpu=vfp --with-float=hard --enable-checking=release --build=arm-linux-gnueabihf --host=arm-linux-gnueabihf --target=arm-linux-gnueabihf
Thread model: posix
gcc version 4.9.2 (Raspbian 4.9.2-10) 
COMPILER_PATH=/usr/lib/gcc/arm-linux-gnueabihf/4.9/:/usr/lib/gcc/arm-linux-gnueabihf/4.9/:/usr/lib/gcc/arm-linux-gnueabihf/:/usr/lib/gcc/arm-linux-gnueabihf/4.9/:/usr/lib/gcc/arm-linux-gnueabihf/
LIBRARY_PATH=/usr/lib/gcc/arm-linux-gnueabihf/4.9/:/usr/lib/gcc/arm-linux-gnueabihf/4.9/../../../arm-linux-gnueabihf/:/usr/lib/gcc/arm-linux-gnueabihf/4.9/../../../:/lib/arm-linux-gnueabihf/:/lib/:/usr/lib/arm-linux-gnueabihf/:/usr/lib/
COLLECT_GCC_OPTIONS='-v' '-o' 'cmTC_8d023' '-rdynamic' '-shared-libgcc' '-march=armv6' '-mfloat-abi=hard' '-mfpu=vfp' '-mtls-dialect=gnu'
 /usr/lib/gcc/arm-linux-gnueabihf/4.9/collect2 -plugin /usr/lib/gcc/arm-linux-gnueabihf/4.9/liblto_plugin.so -plugin-opt=/usr/lib/gcc/arm-linux-gnueabihf/4.9/lto-wrapper -plugin-opt=-fresolution=/tmp/ccdG0MhJ.res -plugin-opt=-pass-through=-lgcc_s -plugin-opt=-pass-through=-lgcc -plugin-opt=-pass-through=-lc -plugin-opt=-pass-through=-lgcc_s -plugin-opt=-pass-through=-lgcc --sysroot=/ --build-id --eh-frame-hdr -export-dynamic -dynamic-linker /lib/ld-linux-armhf.so.3 -X --hash-style=gnu -m armelf_linux_eabi -o cmTC_8d023 /usr/lib/gcc/arm-linux-gnueabihf/4.9/../../../arm-linux-gnueabihf/crt1.o /usr/lib/gcc/arm-linux-gnueabihf/4.9/../../../arm-linux-gnueabihf/crti.o /usr/lib/gcc/arm-linux-gnueabihf/4.9/crtbegin.o -L/usr/lib/gcc/arm-linux-gnueabihf/4.9 -L/usr/lib/gcc/arm-linux-gnueabihf/4.9/../../../arm-linux-gnueabihf -L/usr/lib/gcc/arm-linux-gnueabihf/4.9/../../.. -L/lib/arm-linux-gnueabihf -L/usr/lib/arm-linux-gnueabihf CMakeFiles/cmTC_8d023.dir/CMakeCXXCompilerABI.cpp.o -lstdc++ -lm -lgcc_s -lgcc -lc -lgcc_s -lgcc /usr/lib/gcc/arm-linux-gnueabihf/4.9/crtend.o /usr/lib/gcc/arm-linux-gnueabihf/4.9/../../../arm-linux-gnueabihf/crtn.o
make[1]: Leaving directory '/home/pi/wakaama/examples/client/CMakeFiles/CMakeTmp'


Parsed CXX implicit link information from above output:
  link line regex: [^( *|.*[/\])(ld|([^/\]+-)?ld|collect2)[^/\]*( |$)]
  ignore line: [Change Dir: /home/pi/wakaama/examples/client/CMakeFiles/CMakeTmp]
  ignore line: []
  ignore line: [Run Build Command:"/usr/bin/make" "cmTC_8d023/fast"]
  ignore line: [/usr/bin/make -f CMakeFiles/cmTC_8d023.dir/build.make CMakeFiles/cmTC_8d023.dir/build]
  ignore line: [make[1]: Entering directory '/home/pi/wakaama/examples/client/CMakeFiles/CMakeTmp']
  ignore line: [Building CXX object CMakeFiles/cmTC_8d023.dir/CMakeCXXCompilerABI.cpp.o]
  ignore line: [/usr/bin/c++      -o CMakeFiles/cmTC_8d023.dir/CMakeCXXCompilerABI.cpp.o -c /usr/share/cmake-3.6/Modules/CMakeCXXCompilerABI.cpp]
  ignore line: [Linking CXX executable cmTC_8d023]
  ignore line: [/usr/bin/cmake -E cmake_link_script CMakeFiles/cmTC_8d023.dir/link.txt --verbose=1]
  ignore line: [/usr/bin/c++       -v CMakeFiles/cmTC_8d023.dir/CMakeCXXCompilerABI.cpp.o  -o cmTC_8d023 -rdynamic  ]
  ignore line: [Using built-in specs.]
  ignore line: [COLLECT_GCC=/usr/bin/c++]
  ignore line: [COLLECT_LTO_WRAPPER=/usr/lib/gcc/arm-linux-gnueabihf/4.9/lto-wrapper]
  ignore line: [Target: arm-linux-gnueabihf]
  ignore line: [Configured with: ../src/configure -v --with-pkgversion='Raspbian 4.9.2-10' --with-bugurl=file:///usr/share/doc/gcc-4.9/README.Bugs --enable-languages=c,c++,java,go,d,fortran,objc,obj-c++ --prefix=/usr --program-suffix=-4.9 --enable-shared --enable-linker-build-id --libexecdir=/usr/lib --without-included-gettext --enable-threads=posix --with-gxx-include-dir=/usr/include/c++/4.9 --libdir=/usr/lib --enable-nls --with-sysroot=/ --enable-clocale=gnu --enable-libstdcxx-debug --enable-libstdcxx-time=yes --enable-gnu-unique-object --disable-libitm --disable-libquadmath --enable-plugin --with-system-zlib --disable-browser-plugin --enable-java-awt=gtk --enable-gtk-cairo --with-java-home=/usr/lib/jvm/java-1.5.0-gcj-4.9-armhf/jre --enable-java-home --with-jvm-root-dir=/usr/lib/jvm/java-1.5.0-gcj-4.9-armhf --with-jvm-jar-dir=/usr/lib/jvm-exports/java-1.5.0-gcj-4.9-armhf --with-arch-directory=arm --with-ecj-jar=/usr/share/java/eclipse-ecj.jar --enable-objc-gc --enable-multiarch --disable-sjlj-exceptions --with-arch=armv6 --with-fpu=vfp --with-float=hard --enable-checking=release --build=arm-linux-gnueabihf --host=arm-linux-gnueabihf --target=arm-linux-gnueabihf]
  ignore line: [Thread model: posix]
  ignore line: [gcc version 4.9.2 (Raspbian 4.9.2-10) ]
  ignore line: [COMPILER_PATH=/usr/lib/gcc/arm-linux-gnueabihf/4.9/:/usr/lib/gcc/arm-linux-gnueabihf/4.9/:/usr/lib/gcc/arm-linux-gnueabihf/:/usr/lib/gcc/arm-linux-gnueabihf/4.9/:/usr/lib/gcc/arm-linux-gnueabihf/]
  ignore line: [LIBRARY_PATH=/usr/lib/gcc/arm-linux-gnueabihf/4.9/:/usr/lib/gcc/arm-linux-gnueabihf/4.9/../../../arm-linux-gnueabihf/:/usr/lib/gcc/arm-linux-gnueabihf/4.9/../../../:/lib/arm-linux-gnueabihf/:/lib/:/usr/lib/arm-linux-gnueabihf/:/usr/lib/]
  ignore line: [COLLECT_GCC_OPTIONS='-v' '-o' 'cmTC_8d023' '-rdynamic' '-shared-libgcc' '-march=armv6' '-mfloat-abi=hard' '-mfpu=vfp' '-mtls-dialect=gnu']
  link line: [ /usr/lib/gcc/arm-linux-gnueabihf/4.9/collect2 -plugin /usr/lib/gcc/arm-linux-gnueabihf/4.9/liblto_plugin.so -plugin-opt=/usr/lib/gcc/arm-linux-gnueabihf/4.9/lto-wrapper -plugin-opt=-fresolution=/tmp/ccdG0MhJ.res -plugin-opt=-pass-through=-lgcc_s -plugin-opt=-pass-through=-lgcc -plugin-opt=-pass-through=-lc -plugin-opt=-pass-through=-lgcc_s -plugin-opt=-pass-through=-lgcc --sysroot=/ --build-id --eh-frame-hdr -export-dynamic -dynamic-linker /lib/ld-linux-armhf.so.3 -X --hash-style=gnu -m armelf_linux_eabi -o cmTC_8d023 /usr/lib/gcc/arm-linux-gnueabihf/4.9/../../../arm-linux-gnueabihf/crt1.o /usr/lib/gcc/arm-linux-gnueabihf/4.9/../../../arm-linux-gnueabihf/crti.o /usr/lib/gcc/arm-linux-gnueabihf/4.9/crtbegin.o -L/usr/lib/gcc/arm-linux-gnueabihf/4.9 -L/usr/lib/gcc/arm-linux-gnueabihf/4.9/../../../arm-linux-gnueabihf -L/usr/lib/gcc/arm-linux-gnueabihf/4.9/../../.. -L/lib/arm-linux-gnueabihf -L/usr/lib/arm-linux-gnueabihf CMakeFiles/cmTC_8d023.dir/CMakeCXXCompilerABI.cpp.o -lstdc++ -lm -lgcc_s -lgcc -lc -lgcc_s -lgcc /usr/lib/gcc/arm-linux-gnueabihf/4.9/crtend.o /usr/lib/gcc/arm-linux-gnueabihf/4.9/../../../arm-linux-gnueabihf/crtn.o]
    arg [/usr/lib/gcc/arm-linux-gnueabihf/4.9/collect2] ==> ignore
    arg [-plugin] ==> ignore
    arg [/usr/lib/gcc/arm-linux-gnueabihf/4.9/liblto_plugin.so] ==> ignore
    arg [-plugin-opt=/usr/lib/gcc/arm-linux-gnueabihf/4.9/lto-wrapper] ==> ignore
    arg [-plugin-opt=-fresolution=/tmp/ccdG0MhJ.res] ==> ignore
    arg [-plugin-opt=-pass-through=-lgcc_s] ==> ignore
    arg [-plugin-opt=-pass-through=-lgcc] ==> ignore
    arg [-plugin-opt=-pass-through=-lc] ==> ignore
    arg [-plugin-opt=-pass-through=-lgcc_s] ==> ignore
    arg [-plugin-opt=-pass-through=-lgcc] ==> ignore
    arg [--sysroot=/] ==> ignore
    arg [--build-id] ==> ignore
    arg [--eh-frame-hdr] ==> ignore
    arg [-export-dynamic] ==> ignore
    arg [-dynamic-linker] ==> ignore
    arg [/lib/ld-linux-armhf.so.3] ==> ignore
    arg [-X] ==> ignore
    arg [--hash-style=gnu] ==> ignore
    arg [-m] ==> ignore
    arg [armelf_linux_eabi] ==> ignore
    arg [-o] ==> ignore
    arg [cmTC_8d023] ==> ignore
    arg [/usr/lib/gcc/arm-linux-gnueabihf/4.9/../../../arm-linux-gnueabihf/crt1.o] ==> ignore
    arg [/usr/lib/gcc/arm-linux-gnueabihf/4.9/../../../arm-linux-gnueabihf/crti.o] ==> ignore
    arg [/usr/lib/gcc/arm-linux-gnueabihf/4.9/crtbegin.o] ==> ignore
    arg [-L/usr/lib/gcc/arm-linux-gnueabihf/4.9] ==> dir [/usr/lib/gcc/arm-linux-gnueabihf/4.9]
    arg [-L/usr/lib/gcc/arm-linux-gnueabihf/4.9/../../../arm-linux-gnueabihf] ==> dir [/usr/lib/gcc/arm-linux-gnueabihf/4.9/../../../arm-linux-gnueabihf]
    arg [-L/usr/lib/gcc/arm-linux-gnueabihf/4.9/../../..] ==> dir [/usr/lib/gcc/arm-linux-gnueabihf/4.9/../../..]
    arg [-L/lib/arm-linux-gnueabihf] ==> dir [/lib/arm-linux-gnueabihf]
    arg [-L/usr/lib/arm-linux-gnueabihf] ==> dir [/usr/lib/arm-linux-gnueabihf]
    arg [CMakeFiles/cmTC_8d023.dir/CMakeCXXCompilerABI.cpp.o] ==> ignore
    arg [-lstdc++] ==> lib [stdc++]
    arg [-lm] ==> lib [m]
    arg [-lgcc_s] ==> lib [gcc_s]
    arg [-lgcc] ==> lib [gcc]
    arg [-lc] ==> lib [c]
    arg [-lgcc_s] ==> lib [gcc_s]
    arg [-lgcc] ==> lib [gcc]
    arg [/usr/lib/gcc/arm-linux-gnueabihf/4.9/crtend.o] ==> ignore
    arg [/usr/lib/gcc/arm-linux-gnueabihf/4.9/../../../arm-linux-gnueabihf/crtn.o] ==> ignore
  remove lib [gcc_s]
  remove lib [gcc]
  remove lib [gcc_s]
  remove lib [gcc]
  collapse library dir [/usr/lib/gcc/arm-linux-gnueabihf/4.9] ==> [/usr/lib/gcc/arm-linux-gnueabihf/4.9]
  collapse library dir [/usr/lib/gcc/arm-linux-gnueabihf/4.9/../../../arm-linux-gnueabihf] ==> [/usr/lib/arm-linux-gnueabihf]
  collapse library dir [/usr/lib/gcc/arm-linux-gnueabihf/4.9/../../..] ==> [/usr/lib]
  collapse library dir [/lib/arm-linux-gnueabihf] ==> [/lib/arm-linux-gnueabihf]
  collapse library dir [/usr/lib/arm-linux-gnueabihf] ==> [/usr/lib/arm-linux-gnueabihf]
  implicit libs: [stdc++;m;c]
  implicit dirs: [/usr/lib/gcc/arm-linux-gnueabihf/4.9;/usr/lib/arm-linux-gnueabihf;/usr/lib;/lib/arm-linux-gnueabihf]
  implicit fwks: []




Detecting CXX [-std=c++14] compiler features compiled with the following output:
Change Dir: /home/pi/wakaama/examples/client/CMakeFiles/CMakeTmp

Run Build Command:"/usr/bin/make" "cmTC_32208/fast"
/usr/bin/make -f CMakeFiles/cmTC_32208.dir/build.make CMakeFiles/cmTC_32208.dir/build
make[1]: Entering directory '/home/pi/wakaama/examples/client/CMakeFiles/CMakeTmp'
Building CXX object CMakeFiles/cmTC_32208.dir/feature_tests.cxx.o
/usr/bin/c++     -std=c++14 -o CMakeFiles/cmTC_32208.dir/feature_tests.cxx.o -c /home/pi/wakaama/examples/client/CMakeFiles/feature_tests.cxx
Linking CXX executable cmTC_32208
/usr/bin/cmake -E cmake_link_script CMakeFiles/cmTC_32208.dir/link.txt --verbose=1
/usr/bin/c++        CMakeFiles/cmTC_32208.dir/feature_tests.cxx.o  -o cmTC_32208 -rdynamic 
make[1]: Leaving directory '/home/pi/wakaama/examples/client/CMakeFiles/CMakeTmp'


    Feature record: CXX_FEATURE:0cxx_aggregate_default_initializers
    Feature record: CXX_FEATURE:1cxx_alias_templates
    Feature record: CXX_FEATURE:1cxx_alignas
    Feature record: CXX_FEATURE:1cxx_alignof
    Feature record: CXX_FEATURE:1cxx_attributes
    Feature record: CXX_FEATURE:1cxx_attribute_deprecated
    Feature record: CXX_FEATURE:1cxx_auto_type
    Feature record: CXX_FEATURE:1cxx_binary_literals
    Feature record: CXX_FEATURE:1cxx_constexpr
    Feature record: CXX_FEATURE:1cxx_contextual_conversions
    Feature record: CXX_FEATURE:1cxx_decltype
    Feature record: CXX_FEATURE:1cxx_decltype_auto
    Feature record: CXX_FEATURE:1cxx_decltype_incomplete_return_types
    Feature record: CXX_FEATURE:1cxx_default_function_template_args
    Feature record: CXX_FEATURE:1cxx_defaulted_functions
    Feature record: CXX_FEATURE:1cxx_defaulted_move_initializers
    Feature record: CXX_FEATURE:1cxx_delegating_constructors
    Feature record: CXX_FEATURE:1cxx_deleted_functions
    Feature record: CXX_FEATURE:1cxx_digit_separators
    Feature record: CXX_FEATURE:1cxx_enum_forward_declarations
    Feature record: CXX_FEATURE:1cxx_explicit_conversions
    Feature record: CXX_FEATURE:1cxx_extended_friend_declarations
    Feature record: CXX_FEATURE:1cxx_extern_templates
    Feature record: CXX_FEATURE:1cxx_final
    Feature record: CXX_FEATURE:1cxx_func_identifier
    Feature record: CXX_FEATURE:1cxx_generalized_initializers
    Feature record: CXX_FEATURE:1cxx_generic_lambdas
    Feature record: CXX_FEATURE:1cxx_inheriting_constructors
    Feature record: CXX_FEATURE:1cxx_inline_namespaces
    Feature record: CXX_FEATURE:1cxx_lambdas
    Feature record: CXX_FEATURE:1cxx_lambda_init_captures
    Feature record: CXX_FEATURE:1cxx_local_type_template_args
    Feature record: CXX_FEATURE:1cxx_long_long_type
    Feature record: CXX_FEATURE:1cxx_noexcept
    Feature record: CXX_FEATURE:1cxx_nonstatic_member_init
    Feature record: CXX_FEATURE:1cxx_nullptr
    Feature record: CXX_FEATURE:1cxx_override
    Feature record: CXX_FEATURE:1cxx_range_for
    Feature record: CXX_FEATURE:1cxx_raw_string_literals
    Feature record: CXX_FEATURE:1cxx_reference_qualified_functions
    Feature record: CXX_FEATURE:0cxx_relaxed_constexpr
    Feature record: CXX_FEATURE:1cxx_return_type_deduction
    Feature record: CXX_FEATURE:1cxx_right_angle_brackets
    Feature record: CXX_FEATURE:1cxx_rvalue_references
    Feature record: CXX_FEATURE:1cxx_sizeof_member
    Feature record: CXX_FEATURE:1cxx_static_assert
    Feature record: CXX_FEATURE:1cxx_strong_enums
    Feature record: CXX_FEATURE:1cxx_template_template_parameters
    Feature record: CXX_FEATURE:1cxx_thread_local
    Feature record: CXX_FEATURE:1cxx_trailing_return_types
    Feature record: CXX_FEATURE:1cxx_unicode_literals
    Feature record: CXX_FEATURE:1cxx_uniform_initialization
    Feature record: CXX_FEATURE:1cxx_unrestricted_unions
    Feature record: CXX_FEATURE:1cxx_user_literals
    Feature record: CXX_FEATURE:0cxx_variable_templates
    Feature record: CXX_FEATURE:1cxx_variadic_macros
    Feature record: CXX_FEATURE:1cxx_variadic_templates


Detecting CXX [-std=c++11] compiler features compiled with the following output:
Change Dir: /home/pi/wakaama/examples/client/CMakeFiles/CMakeTmp

Run Build Command:"/usr/bin/make" "cmTC_23a47/fast"
/usr/bin/make -f CMakeFiles/cmTC_23a47.dir/build.make CMakeFiles/cmTC_23a47.dir/build
make[1]: Entering directory '/home/pi/wakaama/examples/client/CMakeFiles/CMakeTmp'
Building CXX object CMakeFiles/cmTC_23a47.dir/feature_tests.cxx.o
/usr/bin/c++     -std=c++11 -o CMakeFiles/cmTC_23a47.dir/feature_tests.cxx.o -c /home/pi/wakaama/examples/client/CMakeFiles/feature_tests.cxx
Linking CXX executable cmTC_23a47
/usr/bin/cmake -E cmake_link_script CMakeFiles/cmTC_23a47.dir/link.txt --verbose=1
/usr/bin/c++        CMakeFiles/cmTC_23a47.dir/feature_tests.cxx.o  -o cmTC_23a47 -rdynamic 
make[1]: Leaving directory '/home/pi/wakaama/examples/client/CMakeFiles/CMakeTmp'


    Feature record: CXX_FEATURE:0cxx_aggregate_default_initializers
    Feature record: CXX_FEATURE:1cxx_alias_templates
    Feature record: CXX_FEATURE:1cxx_alignas
    Feature record: CXX_FEATURE:1cxx_alignof
    Feature record: CXX_FEATURE:1cxx_attributes
    Feature record: CXX_FEATURE:0cxx_attribute_deprecated
    Feature record: CXX_FEATURE:1cxx_auto_type
    Feature record: CXX_FEATURE:0cxx_binary_literals
    Feature record: CXX_FEATURE:1cxx_constexpr
    Feature record: CXX_FEATURE:0cxx_contextual_conversions
    Feature record: CXX_FEATURE:1cxx_decltype
    Feature record: CXX_FEATURE:0cxx_decltype_auto
    Feature record: CXX_FEATURE:1cxx_decltype_incomplete_return_types
    Feature record: CXX_FEATURE:1cxx_default_function_template_args
    Feature record: CXX_FEATURE:1cxx_defaulted_functions
    Feature record: CXX_FEATURE:1cxx_defaulted_move_initializers
    Feature record: CXX_FEATURE:1cxx_delegating_constructors
    Feature record: CXX_FEATURE:1cxx_deleted_functions
    Feature record: CXX_FEATURE:0cxx_digit_separators
    Feature record: CXX_FEATURE:1cxx_enum_forward_declarations
    Feature record: CXX_FEATURE:1cxx_explicit_conversions
    Feature record: CXX_FEATURE:1cxx_extended_friend_declarations
    Feature record: CXX_FEATURE:1cxx_extern_templates
    Feature record: CXX_FEATURE:1cxx_final
    Feature record: CXX_FEATURE:1cxx_func_identifier
    Feature record: CXX_FEATURE:1cxx_generalized_initializers
    Feature record: CXX_FEATURE:0cxx_generic_lambdas
    Feature record: CXX_FEATURE:1cxx_inheriting_constructors
    Feature record: CXX_FEATURE:1cxx_inline_namespaces
    Feature record: CXX_FEATURE:1cxx_lambdas
    Feature record: CXX_FEATURE:0cxx_lambda_init_captures
    Feature record: CXX_FEATURE:1cxx_local_type_template_args
    Feature record: CXX_FEATURE:1cxx_long_long_type
    Feature record: CXX_FEATURE:1cxx_noexcept
    Feature record: CXX_FEATURE:1cxx_nonstatic_member_init
    Feature record: CXX_FEATURE:1cxx_nullptr
    Feature record: CXX_FEATURE:1cxx_override
    Feature record: CXX_FEATURE:1cxx_range_for
    Feature record: CXX_FEATURE:1cxx_raw_string_literals
    Feature record: CXX_FEATURE:1cxx_reference_qualified_functions
    Feature record: CXX_FEATURE:0cxx_relaxed_constexpr
    Feature record: CXX_FEATURE:0cxx_return_type_deduction
    Feature record: CXX_FEATURE:1cxx_right_angle_brackets
    Feature record: CXX_FEATURE:1cxx_rvalue_references
    Feature record: CXX_FEATURE:1cxx_sizeof_member
    Feature record: CXX_FEATURE:1cxx_static_assert
    Feature record: CXX_FEATURE:1cxx_strong_enums
    Feature record: CXX_FEATURE:1cxx_template_template_parameters
    Feature record: CXX_FEATURE:1cxx_thread_local
    Feature record: CXX_FEATURE:1cxx_trailing_return_types
    Feature record: CXX_FEATURE:1cxx_unicode_literals
    Feature record: CXX_FEATURE:1cxx_uniform_initialization
    Feature record: CXX_FEATURE:1cxx_unrestricted_unions
    Feature record: CXX_FEATURE:1cxx_user_literals
    Feature record: CXX_FEATURE:0cxx_variable_templates
    Feature record: CXX_FEATURE:1cxx_variadic_macros
    Feature record: CXX_FEATURE:1cxx_variadic_templates


Detecting CXX [-std=c++98] compiler features compiled with the following output:
Change Dir: /home/pi/wakaama/examples/client/CMakeFiles/CMakeTmp

Run Build Command:"/usr/bin/make" "cmTC_cb8d5/fast"
/usr/bin/make -f CMakeFiles/cmTC_cb8d5.dir/build.make CMakeFiles/cmTC_cb8d5.dir/build
make[1]: Entering directory '/home/pi/wakaama/examples/client/CMakeFiles/CMakeTmp'
Building CXX object CMakeFiles/cmTC_cb8d5.dir/feature_tests.cxx.o
/usr/bin/c++     -std=c++98 -o CMakeFiles/cmTC_cb8d5.dir/feature_tests.cxx.o -c /home/pi/wakaama/examples/client/CMakeFiles/feature_tests.cxx
Linking CXX executable cmTC_cb8d5
/usr/bin/cmake -E cmake_link_script CMakeFiles/cmTC_cb8d5.dir/link.txt --verbose=1
/usr/bin/c++        CMakeFiles/cmTC_cb8d5.dir/feature_tests.cxx.o  -o cmTC_cb8d5 -rdynamic 
make[1]: Leaving directory '/home/pi/wakaama/examples/client/CMakeFiles/CMakeTmp'


    Feature record: CXX_FEATURE:0cxx_aggregate_default_initializers
    Feature record: CXX_FEATURE:0cxx_alias_templates
    Feature record: CXX_FEATURE:0cxx_alignas
    Feature record: CXX_FEATURE:0cxx_alignof
    Feature record: CXX_FEATURE:0cxx_attributes
    Feature record: CXX_FEATURE:0cxx_attribute_deprecated
    Feature record: CXX_FEATURE:0cxx_auto_type
    Feature record: CXX_FEATURE:0cxx_binary_literals
    Feature record: CXX_FEATURE:0cxx_constexpr
    Feature record: CXX_FEATURE:0cxx_contextual_conversions
    Feature record: CXX_FEATURE:0cxx_decltype
    Feature record: CXX_FEATURE:0cxx_decltype_auto
    Feature record: CXX_FEATURE:0cxx_decltype_incomplete_return_types
    Feature record: CXX_FEATURE:0cxx_default_function_template_args
    Feature record: CXX_FEATURE:0cxx_defaulted_functions
    Feature record: CXX_FEATURE:0cxx_defaulted_move_initializers
    Feature record: CXX_FEATURE:0cxx_delegating_constructors
    Feature record: CXX_FEATURE:0cxx_deleted_functions
    Feature record: CXX_FEATURE:0cxx_digit_separators
    Feature record: CXX_FEATURE:0cxx_enum_forward_declarations
    Feature record: CXX_FEATURE:0cxx_explicit_conversions
    Feature record: CXX_FEATURE:0cxx_extended_friend_declarations
    Feature record: CXX_FEATURE:0cxx_extern_templates
    Feature record: CXX_FEATURE:0cxx_final
    Feature record: CXX_FEATURE:0cxx_func_identifier
    Feature record: CXX_FEATURE:0cxx_generalized_initializers
    Feature record: CXX_FEATURE:0cxx_generic_lambdas
    Feature record: CXX_FEATURE:0cxx_inheriting_constructors
    Feature record: CXX_FEATURE:0cxx_inline_namespaces
    Feature record: CXX_FEATURE:0cxx_lambdas
    Feature record: CXX_FEATURE:0cxx_lambda_init_captures
    Feature record: CXX_FEATURE:0cxx_local_type_template_args
    Feature record: CXX_FEATURE:0cxx_long_long_type
    Feature record: CXX_FEATURE:0cxx_noexcept
    Feature record: CXX_FEATURE:0cxx_nonstatic_member_init
    Feature record: CXX_FEATURE:0cxx_nullptr
    Feature record: CXX_FEATURE:0cxx_override
    Feature record: CXX_FEATURE:0cxx_range_for
    Feature record: CXX_FEATURE:0cxx_raw_string_literals
    Feature record: CXX_FEATURE:0cxx_reference_qualified_functions
    Feature record: CXX_FEATURE:0cxx_relaxed_constexpr
    Feature record: CXX_FEATURE:0cxx_return_type_deduction
    Feature record: CXX_FEATURE:0cxx_right_angle_brackets
    Feature record: CXX_FEATURE:0cxx_rvalue_references
    Feature record: CXX_FEATURE:0cxx_sizeof_member
    Feature record: CXX_FEATURE:0cxx_static_assert
    Feature record: CXX_FEATURE:0cxx_strong_enums
    Feature record: CXX_FEATURE:1cxx_template_template_parameters
    Feature record: CXX_FEATURE:0cxx_thread_local
    Feature record: CXX_FEATURE:0cxx_trailing_return_types
    Feature record: CXX_FEATURE:0cxx_unicode_literals
    Feature record: CXX_FEATURE:0cxx_uniform_initialization
    Feature record: CXX_FEATURE:0cxx_unrestricted_unions
    Feature record: CXX_FEATURE:0cxx_user_literals
    Feature record: CXX_FEATURE:0cxx_variable_templates
    Feature record: CXX_FEATURE:0cxx_variadic_macros
    Feature record: CXX_FEATURE:0cxx_variadic_templates
Determining if the include file sys/types.h exists passed with the following output:
Change Dir: /home/pi/wakaama/examples/client/CMakeFiles/CMakeTmp

Run Build Command:"/usr/bin/make" "cmTC_3db8a/fast"
/usr/bin/make -f CMakeFiles/cmTC_3db8a.dir/build.make CMakeFiles/cmTC_3db8a.dir/build
make[1]: Entering directory '/home/pi/wakaama/examples/client/CMakeFiles/CMakeTmp'
Building C object CMakeFiles/cmTC_3db8a.dir/CheckIncludeFile.c.o
/usr/bin/cc     -o CMakeFiles/cmTC_3db8a.dir/CheckIncludeFile.c.o   -c /home/pi/wakaama/examples/client/CMakeFiles/CMakeTmp/CheckIncludeFile.c
Linking C executable cmTC_3db8a
/usr/bin/cmake -E cmake_link_script CMakeFiles/cmTC_3db8a.dir/link.txt --verbose=1
/usr/bin/cc       CMakeFiles/cmTC_3db8a.dir/CheckIncludeFile.c.o  -o cmTC_3db8a -rdynamic 
make[1]: Leaving directory '/home/pi/wakaama/examples/client/CMakeFiles/CMakeTmp'


Determining if the include file stdint.h exists passed with the following output:
Change Dir: /home/pi/wakaama/examples/client/CMakeFiles/CMakeTmp

Run Build Command:"/usr/bin/make" "cmTC_8aa84/fast"
/usr/bin/make -f CMakeFiles/cmTC_8aa84.dir/build.make CMakeFiles/cmTC_8aa84.dir/build
make[1]: Entering directory '/home/pi/wakaama/examples/client/CMakeFiles/CMakeTmp'
Building C object CMakeFiles/cmTC_8aa84.dir/CheckIncludeFile.c.o
/usr/bin/cc     -o CMakeFiles/cmTC_8aa84.dir/CheckIncludeFile.c.o   -c /home/pi/wakaama/examples/client/CMakeFiles/CMakeTmp/CheckIncludeFile.c
Linking C executable cmTC_8aa84
/usr/bin/cmake -E cmake_link_script CMakeFiles/cmTC_8aa84.dir/link.txt --verbose=1
/usr/bin/cc       CMakeFiles/cmTC_8aa84.dir/CheckIncludeFile.c.o  -o cmTC_8aa84 -rdynamic 
make[1]: Leaving directory '/home/pi/wakaama/examples/client/CMakeFiles/CMakeTmp'


Determining if the include file stddef.h exists passed with the following output:
Change Dir: /home/pi/wakaama/examples/client/CMakeFiles/CMakeTmp

Run Build Command:"/usr/bin/make" "cmTC_03809/fast"
/usr/bin/make -f CMakeFiles/cmTC_03809.dir/build.make CMakeFiles/cmTC_03809.dir/build
make[1]: Entering directory '/home/pi/wakaama/examples/client/CMakeFiles/CMakeTmp'
Building C object CMakeFiles/cmTC_03809.dir/CheckIncludeFile.c.o
/usr/bin/cc     -o CMakeFiles/cmTC_03809.dir/CheckIncludeFile.c.o   -c /home/pi/wakaama/examples/client/CMakeFiles/CMakeTmp/CheckIncludeFile.c
Linking C executable cmTC_03809
/usr/bin/cmake -E cmake_link_script CMakeFiles/cmTC_03809.dir/link.txt --verbose=1
/usr/bin/cc       CMakeFiles/cmTC_03809.dir/CheckIncludeFile.c.o  -o cmTC_03809 -rdynamic 
make[1]: Leaving directory '/home/pi/wakaama/examples/client/CMakeFiles/CMakeTmp'


Determining size of unsigned short passed with the following output:
Change Dir: /home/pi/wakaama/examples/client/CMakeFiles/CMakeTmp

Run Build Command:"/usr/bin/make" "cmTC_9f128/fast"
/usr/bin/make -f CMakeFiles/cmTC_9f128.dir/build.make CMakeFiles/cmTC_9f128.dir/build
make[1]: Entering directory '/home/pi/wakaama/examples/client/CMakeFiles/CMakeTmp'
Building C object CMakeFiles/cmTC_9f128.dir/CMAKE_SIZEOF_UNSIGNED_SHORT.c.o
/usr/bin/cc     -o CMakeFiles/cmTC_9f128.dir/CMAKE_SIZEOF_UNSIGNED_SHORT.c.o   -c /home/pi/wakaama/examples/client/CMakeFiles/CheckTypeSize/CMAKE_SIZEOF_UNSIGNED_SHORT.c
Linking C executable cmTC_9f128
/usr/bin/cmake -E cmake_link_script CMakeFiles/cmTC_9f128.dir/link.txt --verbose=1
/usr/bin/cc       CMakeFiles/cmTC_9f128.dir/CMAKE_SIZEOF_UNSIGNED_SHORT.c.o  -o cmTC_9f128 -rdynamic 
make[1]: Leaving directory '/home/pi/wakaama/examples/client/CMakeFiles/CMakeTmp'


Determining if the system is big endian passed with the following output:
Change Dir: /home/pi/wakaama/examples/client/CMakeFiles/CMakeTmp

Run Build Command:"/usr/bin/make" "cmTC_f416b/fast"
/usr/bin/make -f CMakeFiles/cmTC_f416b.dir/build.make CMakeFiles/cmTC_f416b.dir/build
make[1]: Entering directory '/home/pi/wakaama/examples/client/CMakeFiles/CMakeTmp'
Building C object CMakeFiles/cmTC_f416b.dir/TestEndianess.c.o
/usr/bin/cc     -o CMakeFiles/cmTC_f416b.dir/TestEndianess.c.o   -c /home/pi/wakaama/examples/client/CMakeFiles/CMakeTmp/TestEndianess.c
Linking C executable cmTC_f416b
/usr/bin/cmake -E cmake_link_script CMakeFiles/cmTC_f416b.dir/link.txt --verbose=1
/usr/bin/cc       CMakeFiles/cmTC_f416b.dir/TestEndianess.c.o  -o cmTC_f416b -rdynamic 
make[1]: Leaving directory '/home/pi/wakaama/examples/client/CMakeFiles/CMakeTmp'

TestEndianess.c:
/* A 16 bit integer is required. */
typedef unsigned short cmakeint16;

/* On a little endian machine, these 16bit ints will give "THIS IS LITTLE ENDIAN."
   On a big endian machine the characters will be exchanged pairwise. */
const cmakeint16 info_little[] =  {0x4854, 0x5349, 0x4920, 0x2053, 0x494c, 0x5454, 0x454c, 0x4520, 0x444e, 0x4149, 0x2e4e, 0x0000};

/* on a big endian machine, these 16bit ints will give "THIS IS BIG ENDIAN."
   On a little endian machine the characters will be exchanged pairwise. */
const cmakeint16 info_big[] =     {0x5448, 0x4953, 0x2049, 0x5320, 0x4249, 0x4720, 0x454e, 0x4449, 0x414e, 0x2e2e, 0x0000};

#ifdef __CLASSIC_C__
int main(argc, argv) int argc; char *argv[];
#else
int main(int argc, char *argv[])
#endif
{
  int require = 0;
  require += info_little[argc];
  require += info_big[argc];
  (void)argv;
  return require;
}


The system is: Darwin - 14.5.0 - x86_64
Compiling the C compiler identification source file "CMakeCCompilerId.c" succeeded.
Compiler: /Library/Developer/CommandLineTools/usr/bin/cc 
Build flags: 
Id flags: 

The output was:
0


Compilation of the C compiler identification source "CMakeCCompilerId.c" produced "a.out"

The C compiler identification is AppleClang, found in "/Users/vs391k/arduino/wakaama/examples/client/CMakeFiles/3.5.2/CompilerIdC/a.out"

Compiling the CXX compiler identification source file "CMakeCXXCompilerId.cpp" succeeded.
Compiler: /Library/Developer/CommandLineTools/usr/bin/c++ 
Build flags: 
Id flags: 

The output was:
0


Compilation of the CXX compiler identification source "CMakeCXXCompilerId.cpp" produced "a.out"

The CXX compiler identification is AppleClang, found in "/Users/vs391k/arduino/wakaama/examples/client/CMakeFiles/3.5.2/CompilerIdCXX/a.out"

Determining if the C compiler works passed with the following output:
Change Dir: /Users/vs391k/arduino/wakaama/examples/client/CMakeFiles/CMakeTmp

Run Build Command:"/usr/bin/make" "cmTC_da2a2/fast"
/Library/Developer/CommandLineTools/usr/bin/make -f CMakeFiles/cmTC_da2a2.dir/build.make CMakeFiles/cmTC_da2a2.dir/build
Building C object CMakeFiles/cmTC_da2a2.dir/testCCompiler.c.o
/Library/Developer/CommandLineTools/usr/bin/cc     -o CMakeFiles/cmTC_da2a2.dir/testCCompiler.c.o   -c /Users/vs391k/arduino/wakaama/examples/client/CMakeFiles/CMakeTmp/testCCompiler.c
Linking C executable cmTC_da2a2
/usr/local/Cellar/cmake/3.5.2/bin/cmake -E cmake_link_script CMakeFiles/cmTC_da2a2.dir/link.txt --verbose=1
/Library/Developer/CommandLineTools/usr/bin/cc    -Wl,-search_paths_first -Wl,-headerpad_max_install_names   CMakeFiles/cmTC_da2a2.dir/testCCompiler.c.o  -o cmTC_da2a2  


Detecting C compiler ABI info compiled with the following output:
Change Dir: /Users/vs391k/arduino/wakaama/examples/client/CMakeFiles/CMakeTmp

Run Build Command:"/usr/bin/make" "cmTC_a96fd/fast"
/Library/Developer/CommandLineTools/usr/bin/make -f CMakeFiles/cmTC_a96fd.dir/build.make CMakeFiles/cmTC_a96fd.dir/build
Building C object CMakeFiles/cmTC_a96fd.dir/CMakeCCompilerABI.c.o
/Library/Developer/CommandLineTools/usr/bin/cc     -o CMakeFiles/cmTC_a96fd.dir/CMakeCCompilerABI.c.o   -c /usr/local/Cellar/cmake/3.5.2/share/cmake/Modules/CMakeCCompilerABI.c
Linking C executable cmTC_a96fd
/usr/local/Cellar/cmake/3.5.2/bin/cmake -E cmake_link_script CMakeFiles/cmTC_a96fd.dir/link.txt --verbose=1
/Library/Developer/CommandLineTools/usr/bin/cc    -Wl,-search_paths_first -Wl,-headerpad_max_install_names  -v -Wl,-v CMakeFiles/cmTC_a96fd.dir/CMakeCCompilerABI.c.o  -o cmTC_a96fd   
Apple LLVM version 7.0.2 (clang-700.1.81)
Target: x86_64-apple-darwin14.5.0
Thread model: posix
 "/Library/Developer/CommandLineTools/usr/bin/ld" -demangle -dynamic -arch x86_64 -macosx_version_min 10.10.0 -o cmTC_a96fd -search_paths_first -headerpad_max_install_names -v CMakeFiles/cmTC_a96fd.dir/CMakeCCompilerABI.c.o -lSystem /Library/Developer/CommandLineTools/usr/bin/../lib/clang/7.0.2/lib/darwin/libclang_rt.osx.a
@(#)PROGRAM:ld  PROJECT:ld64-253.9
configured to support archs: armv6 armv7 armv7s arm64 i386 x86_64 x86_64h armv6m armv7k armv7m armv7em (tvOS)
Library search paths:
	/usr/lib
	/usr/local/lib
Framework search paths:
	/Library/Frameworks/
	/System/Library/Frameworks/


Parsed C implicit link information from above output:
  link line regex: [^( *|.*[/\])(ld|([^/\]+-)?ld|collect2)[^/\]*( |$)]
  ignore line: [Change Dir: /Users/vs391k/arduino/wakaama/examples/client/CMakeFiles/CMakeTmp]
  ignore line: []
  ignore line: [Run Build Command:"/usr/bin/make" "cmTC_a96fd/fast"]
  ignore line: [/Library/Developer/CommandLineTools/usr/bin/make -f CMakeFiles/cmTC_a96fd.dir/build.make CMakeFiles/cmTC_a96fd.dir/build]
  ignore line: [Building C object CMakeFiles/cmTC_a96fd.dir/CMakeCCompilerABI.c.o]
  ignore line: [/Library/Developer/CommandLineTools/usr/bin/cc     -o CMakeFiles/cmTC_a96fd.dir/CMakeCCompilerABI.c.o   -c /usr/local/Cellar/cmake/3.5.2/share/cmake/Modules/CMakeCCompilerABI.c]
  ignore line: [Linking C executable cmTC_a96fd]
  ignore line: [/usr/local/Cellar/cmake/3.5.2/bin/cmake -E cmake_link_script CMakeFiles/cmTC_a96fd.dir/link.txt --verbose=1]
  ignore line: [/Library/Developer/CommandLineTools/usr/bin/cc    -Wl,-search_paths_first -Wl,-headerpad_max_install_names  -v -Wl,-v CMakeFiles/cmTC_a96fd.dir/CMakeCCompilerABI.c.o  -o cmTC_a96fd   ]
  ignore line: [Apple LLVM version 7.0.2 (clang-700.1.81)]
  ignore line: [Target: x86_64-apple-darwin14.5.0]
  ignore line: [Thread model: posix]
  link line: [ "/Library/Developer/CommandLineTools/usr/bin/ld" -demangle -dynamic -arch x86_64 -macosx_version_min 10.10.0 -o cmTC_a96fd -search_paths_first -headerpad_max_install_names -v CMakeFiles/cmTC_a96fd.dir/CMakeCCompilerABI.c.o -lSystem /Library/Developer/CommandLineTools/usr/bin/../lib/clang/7.0.2/lib/darwin/libclang_rt.osx.a]
    arg [/Library/Developer/CommandLineTools/usr/bin/ld] ==> ignore
    arg [-demangle] ==> ignore
    arg [-dynamic] ==> ignore
    arg [-arch] ==> ignore
    arg [x86_64] ==> ignore
    arg [-macosx_version_min] ==> ignore
    arg [10.10.0] ==> ignore
    arg [-o] ==> ignore
    arg [cmTC_a96fd] ==> ignore
    arg [-search_paths_first] ==> ignore
    arg [-headerpad_max_install_names] ==> ignore
    arg [-v] ==> ignore
    arg [CMakeFiles/cmTC_a96fd.dir/CMakeCCompilerABI.c.o] ==> ignore
    arg [-lSystem] ==> lib [System]
    arg [/Library/Developer/CommandLineTools/usr/bin/../lib/clang/7.0.2/lib/darwin/libclang_rt.osx.a] ==> lib [/Library/Developer/CommandLineTools/usr/bin/../lib/clang/7.0.2/lib/darwin/libclang_rt.osx.a]
  Library search paths: [;/usr/lib;/usr/local/lib]
  Framework search paths: [;/Library/Frameworks/;/System/Library/Frameworks/]
  remove lib [System]
  collapse lib [/Library/Developer/CommandLineTools/usr/bin/../lib/clang/7.0.2/lib/darwin/libclang_rt.osx.a] ==> [/Library/Developer/CommandLineTools/usr/lib/clang/7.0.2/lib/darwin/libclang_rt.osx.a]
  collapse library dir [/usr/lib] ==> [/usr/lib]
  collapse library dir [/usr/local/lib] ==> [/usr/local/lib]
  collapse framework dir [/Library/Frameworks/] ==> [/Library/Frameworks]
  collapse framework dir [/System/Library/Frameworks/] ==> [/System/Library/Frameworks]
  implicit libs: [/Library/Developer/CommandLineTools/usr/lib/clang/7.0.2/lib/darwin/libclang_rt.osx.a]
  implicit dirs: [/usr/lib;/usr/local/lib]
  implicit fwks: [/Library/Frameworks;/System/Library/Frameworks]




Detecting C [-std=c11] compiler features compiled with the following output:
Change Dir: /Users/vs391k/arduino/wakaama/examples/client/CMakeFiles/CMakeTmp

Run Build Command:"/usr/bin/make" "cmTC_cf8ee/fast"
/Library/Developer/CommandLineTools/usr/bin/make -f CMakeFiles/cmTC_cf8ee.dir/build.make CMakeFiles/cmTC_cf8ee.dir/build
Building C object CMakeFiles/cmTC_cf8ee.dir/feature_tests.c.o
/Library/Developer/CommandLineTools/usr/bin/cc    -std=c11 -o CMakeFiles/cmTC_cf8ee.dir/feature_tests.c.o   -c /Users/vs391k/arduino/wakaama/examples/client/CMakeFiles/feature_tests.c
Linking C executable cmTC_cf8ee
/usr/local/Cellar/cmake/3.5.2/bin/cmake -E cmake_link_script CMakeFiles/cmTC_cf8ee.dir/link.txt --verbose=1
/Library/Developer/CommandLineTools/usr/bin/cc    -Wl,-search_paths_first -Wl,-headerpad_max_install_names   CMakeFiles/cmTC_cf8ee.dir/feature_tests.c.o  -o cmTC_cf8ee  


    Feature record: C_FEATURE:1c_function_prototypes
    Feature record: C_FEATURE:1c_restrict
    Feature record: C_FEATURE:1c_static_assert
    Feature record: C_FEATURE:1c_variadic_macros


Detecting C [-std=c99] compiler features compiled with the following output:
Change Dir: /Users/vs391k/arduino/wakaama/examples/client/CMakeFiles/CMakeTmp

Run Build Command:"/usr/bin/make" "cmTC_57165/fast"
/Library/Developer/CommandLineTools/usr/bin/make -f CMakeFiles/cmTC_57165.dir/build.make CMakeFiles/cmTC_57165.dir/build
Building C object CMakeFiles/cmTC_57165.dir/feature_tests.c.o
/Library/Developer/CommandLineTools/usr/bin/cc    -std=c99 -o CMakeFiles/cmTC_57165.dir/feature_tests.c.o   -c /Users/vs391k/arduino/wakaama/examples/client/CMakeFiles/feature_tests.c
Linking C executable cmTC_57165
/usr/local/Cellar/cmake/3.5.2/bin/cmake -E cmake_link_script CMakeFiles/cmTC_57165.dir/link.txt --verbose=1
/Library/Developer/CommandLineTools/usr/bin/cc    -Wl,-search_paths_first -Wl,-headerpad_max_install_names   CMakeFiles/cmTC_57165.dir/feature_tests.c.o  -o cmTC_57165  


    Feature record: C_FEATURE:1c_function_prototypes
    Feature record: C_FEATURE:1c_restrict
    Feature record: C_FEATURE:0c_static_assert
    Feature record: C_FEATURE:1c_variadic_macros


Detecting C [-std=c90] compiler features compiled with the following output:
Change Dir: /Users/vs391k/arduino/wakaama/examples/client/CMakeFiles/CMakeTmp

Run Build Command:"/usr/bin/make" "cmTC_c15d8/fast"
/Library/Developer/CommandLineTools/usr/bin/make -f CMakeFiles/cmTC_c15d8.dir/build.make CMakeFiles/cmTC_c15d8.dir/build
Building C object CMakeFiles/cmTC_c15d8.dir/feature_tests.c.o
/Library/Developer/CommandLineTools/usr/bin/cc    -std=c90 -o CMakeFiles/cmTC_c15d8.dir/feature_tests.c.o   -c /Users/vs391k/arduino/wakaama/examples/client/CMakeFiles/feature_tests.c
Linking C executable cmTC_c15d8
/usr/local/Cellar/cmake/3.5.2/bin/cmake -E cmake_link_script CMakeFiles/cmTC_c15d8.dir/link.txt --verbose=1
/Library/Developer/CommandLineTools/usr/bin/cc    -Wl,-search_paths_first -Wl,-headerpad_max_install_names   CMakeFiles/cmTC_c15d8.dir/feature_tests.c.o  -o cmTC_c15d8  


    Feature record: C_FEATURE:1c_function_prototypes
    Feature record: C_FEATURE:0c_restrict
    Feature record: C_FEATURE:0c_static_assert
    Feature record: C_FEATURE:0c_variadic_macros
Determining if the CXX compiler works passed with the following output:
Change Dir: /Users/vs391k/arduino/wakaama/examples/client/CMakeFiles/CMakeTmp

Run Build Command:"/usr/bin/make" "cmTC_3065b/fast"
/Library/Developer/CommandLineTools/usr/bin/make -f CMakeFiles/cmTC_3065b.dir/build.make CMakeFiles/cmTC_3065b.dir/build
Building CXX object CMakeFiles/cmTC_3065b.dir/testCXXCompiler.cxx.o
/Library/Developer/CommandLineTools/usr/bin/c++      -o CMakeFiles/cmTC_3065b.dir/testCXXCompiler.cxx.o -c /Users/vs391k/arduino/wakaama/examples/client/CMakeFiles/CMakeTmp/testCXXCompiler.cxx
Linking CXX executable cmTC_3065b
/usr/local/Cellar/cmake/3.5.2/bin/cmake -E cmake_link_script CMakeFiles/cmTC_3065b.dir/link.txt --verbose=1
/Library/Developer/CommandLineTools/usr/bin/c++     -Wl,-search_paths_first -Wl,-headerpad_max_install_names   CMakeFiles/cmTC_3065b.dir/testCXXCompiler.cxx.o  -o cmTC_3065b  


Detecting CXX compiler ABI info compiled with the following output:
Change Dir: /Users/vs391k/arduino/wakaama/examples/client/CMakeFiles/CMakeTmp

Run Build Command:"/usr/bin/make" "cmTC_fb6c2/fast"
/Library/Developer/CommandLineTools/usr/bin/make -f CMakeFiles/cmTC_fb6c2.dir/build.make CMakeFiles/cmTC_fb6c2.dir/build
Building CXX object CMakeFiles/cmTC_fb6c2.dir/CMakeCXXCompilerABI.cpp.o
/Library/Developer/CommandLineTools/usr/bin/c++      -o CMakeFiles/cmTC_fb6c2.dir/CMakeCXXCompilerABI.cpp.o -c /usr/local/Cellar/cmake/3.5.2/share/cmake/Modules/CMakeCXXCompilerABI.cpp
Linking CXX executable cmTC_fb6c2
/usr/local/Cellar/cmake/3.5.2/bin/cmake -E cmake_link_script CMakeFiles/cmTC_fb6c2.dir/link.txt --verbose=1
/Library/Developer/CommandLineTools/usr/bin/c++     -Wl,-search_paths_first -Wl,-headerpad_max_install_names  -v -Wl,-v CMakeFiles/cmTC_fb6c2.dir/CMakeCXXCompilerABI.cpp.o  -o cmTC_fb6c2   
Apple LLVM version 7.0.2 (clang-700.1.81)
Target: x86_64-apple-darwin14.5.0
Thread model: posix
 "/Library/Developer/CommandLineTools/usr/bin/ld" -demangle -dynamic -arch x86_64 -macosx_version_min 10.10.0 -o cmTC_fb6c2 -search_paths_first -headerpad_max_install_names -v CMakeFiles/cmTC_fb6c2.dir/CMakeCXXCompilerABI.cpp.o -lc++ -lSystem /Library/Developer/CommandLineTools/usr/bin/../lib/clang/7.0.2/lib/darwin/libclang_rt.osx.a
@(#)PROGRAM:ld  PROJECT:ld64-253.9
configured to support archs: armv6 armv7 armv7s arm64 i386 x86_64 x86_64h armv6m armv7k armv7m armv7em (tvOS)
Library search paths:
	/usr/lib
	/usr/local/lib
Framework search paths:
	/Library/Frameworks/
	/System/Library/Frameworks/


Parsed CXX implicit link information from above output:
  link line regex: [^( *|.*[/\])(ld|([^/\]+-)?ld|collect2)[^/\]*( |$)]
  ignore line: [Change Dir: /Users/vs391k/arduino/wakaama/examples/client/CMakeFiles/CMakeTmp]
  ignore line: []
  ignore line: [Run Build Command:"/usr/bin/make" "cmTC_fb6c2/fast"]
  ignore line: [/Library/Developer/CommandLineTools/usr/bin/make -f CMakeFiles/cmTC_fb6c2.dir/build.make CMakeFiles/cmTC_fb6c2.dir/build]
  ignore line: [Building CXX object CMakeFiles/cmTC_fb6c2.dir/CMakeCXXCompilerABI.cpp.o]
  ignore line: [/Library/Developer/CommandLineTools/usr/bin/c++      -o CMakeFiles/cmTC_fb6c2.dir/CMakeCXXCompilerABI.cpp.o -c /usr/local/Cellar/cmake/3.5.2/share/cmake/Modules/CMakeCXXCompilerABI.cpp]
  ignore line: [Linking CXX executable cmTC_fb6c2]
  ignore line: [/usr/local/Cellar/cmake/3.5.2/bin/cmake -E cmake_link_script CMakeFiles/cmTC_fb6c2.dir/link.txt --verbose=1]
  ignore line: [/Library/Developer/CommandLineTools/usr/bin/c++     -Wl,-search_paths_first -Wl,-headerpad_max_install_names  -v -Wl,-v CMakeFiles/cmTC_fb6c2.dir/CMakeCXXCompilerABI.cpp.o  -o cmTC_fb6c2   ]
  ignore line: [Apple LLVM version 7.0.2 (clang-700.1.81)]
  ignore line: [Target: x86_64-apple-darwin14.5.0]
  ignore line: [Thread model: posix]
  link line: [ "/Library/Developer/CommandLineTools/usr/bin/ld" -demangle -dynamic -arch x86_64 -macosx_version_min 10.10.0 -o cmTC_fb6c2 -search_paths_first -headerpad_max_install_names -v CMakeFiles/cmTC_fb6c2.dir/CMakeCXXCompilerABI.cpp.o -lc++ -lSystem /Library/Developer/CommandLineTools/usr/bin/../lib/clang/7.0.2/lib/darwin/libclang_rt.osx.a]
    arg [/Library/Developer/CommandLineTools/usr/bin/ld] ==> ignore
    arg [-demangle] ==> ignore
    arg [-dynamic] ==> ignore
    arg [-arch] ==> ignore
    arg [x86_64] ==> ignore
    arg [-macosx_version_min] ==> ignore
    arg [10.10.0] ==> ignore
    arg [-o] ==> ignore
    arg [cmTC_fb6c2] ==> ignore
    arg [-search_paths_first] ==> ignore
    arg [-headerpad_max_install_names] ==> ignore
    arg [-v] ==> ignore
    arg [CMakeFiles/cmTC_fb6c2.dir/CMakeCXXCompilerABI.cpp.o] ==> ignore
    arg [-lc++] ==> lib [c++]
    arg [-lSystem] ==> lib [System]
    arg [/Library/Developer/CommandLineTools/usr/bin/../lib/clang/7.0.2/lib/darwin/libclang_rt.osx.a] ==> lib [/Library/Developer/CommandLineTools/usr/bin/../lib/clang/7.0.2/lib/darwin/libclang_rt.osx.a]
  Library search paths: [;/usr/lib;/usr/local/lib]
  Framework search paths: [;/Library/Frameworks/;/System/Library/Frameworks/]
  remove lib [System]
  collapse lib [/Library/Developer/CommandLineTools/usr/bin/../lib/clang/7.0.2/lib/darwin/libclang_rt.osx.a] ==> [/Library/Developer/CommandLineTools/usr/lib/clang/7.0.2/lib/darwin/libclang_rt.osx.a]
  collapse library dir [/usr/lib] ==> [/usr/lib]
  collapse library dir [/usr/local/lib] ==> [/usr/local/lib]
  collapse framework dir [/Library/Frameworks/] ==> [/Library/Frameworks]
  collapse framework dir [/System/Library/Frameworks/] ==> [/System/Library/Frameworks]
  implicit libs: [c++;/Library/Developer/CommandLineTools/usr/lib/clang/7.0.2/lib/darwin/libclang_rt.osx.a]
  implicit dirs: [/usr/lib;/usr/local/lib]
  implicit fwks: [/Library/Frameworks;/System/Library/Frameworks]




Detecting CXX [-std=c++14] compiler features compiled with the following output:
Change Dir: /Users/vs391k/arduino/wakaama/examples/client/CMakeFiles/CMakeTmp

Run Build Command:"/usr/bin/make" "cmTC_d2f29/fast"
/Library/Developer/CommandLineTools/usr/bin/make -f CMakeFiles/cmTC_d2f29.dir/build.make CMakeFiles/cmTC_d2f29.dir/build
Building CXX object CMakeFiles/cmTC_d2f29.dir/feature_tests.cxx.o
/Library/Developer/CommandLineTools/usr/bin/c++     -std=c++14 -o CMakeFiles/cmTC_d2f29.dir/feature_tests.cxx.o -c /Users/vs391k/arduino/wakaama/examples/client/CMakeFiles/feature_tests.cxx
Linking CXX executable cmTC_d2f29
/usr/local/Cellar/cmake/3.5.2/bin/cmake -E cmake_link_script CMakeFiles/cmTC_d2f29.dir/link.txt --verbose=1
/Library/Developer/CommandLineTools/usr/bin/c++     -Wl,-search_paths_first -Wl,-headerpad_max_install_names   CMakeFiles/cmTC_d2f29.dir/feature_tests.cxx.o  -o cmTC_d2f29  


    Feature record: CXX_FEATURE:1cxx_aggregate_default_initializers
    Feature record: CXX_FEATURE:1cxx_alias_templates
    Feature record: CXX_FEATURE:1cxx_alignas
    Feature record: CXX_FEATURE:1cxx_alignof
    Feature record: CXX_FEATURE:1cxx_attributes
    Feature record: CXX_FEATURE:1cxx_attribute_deprecated
    Feature record: CXX_FEATURE:1cxx_auto_type
    Feature record: CXX_FEATURE:1cxx_binary_literals
    Feature record: CXX_FEATURE:1cxx_constexpr
    Feature record: CXX_FEATURE:1cxx_contextual_conversions
    Feature record: CXX_FEATURE:1cxx_decltype
    Feature record: CXX_FEATURE:1cxx_decltype_auto
    Feature record: CXX_FEATURE:1cxx_decltype_incomplete_return_types
    Feature record: CXX_FEATURE:1cxx_default_function_template_args
    Feature record: CXX_FEATURE:1cxx_defaulted_functions
    Feature record: CXX_FEATURE:1cxx_defaulted_move_initializers
    Feature record: CXX_FEATURE:1cxx_delegating_constructors
    Feature record: CXX_FEATURE:1cxx_deleted_functions
    Feature record: CXX_FEATURE:1cxx_digit_separators
    Feature record: CXX_FEATURE:1cxx_enum_forward_declarations
    Feature record: CXX_FEATURE:1cxx_explicit_conversions
    Feature record: CXX_FEATURE:1cxx_extended_friend_declarations
    Feature record: CXX_FEATURE:1cxx_extern_templates
    Feature record: CXX_FEATURE:1cxx_final
    Feature record: CXX_FEATURE:1cxx_func_identifier
    Feature record: CXX_FEATURE:1cxx_generalized_initializers
    Feature record: CXX_FEATURE:1cxx_generic_lambdas
    Feature record: CXX_FEATURE:1cxx_inheriting_constructors
    Feature record: CXX_FEATURE:1cxx_inline_namespaces
    Feature record: CXX_FEATURE:1cxx_lambdas
    Feature record: CXX_FEATURE:1cxx_lambda_init_captures
    Feature record: CXX_FEATURE:1cxx_local_type_template_args
    Feature record: CXX_FEATURE:1cxx_long_long_type
    Feature record: CXX_FEATURE:1cxx_noexcept
    Feature record: CXX_FEATURE:1cxx_nonstatic_member_init
    Feature record: CXX_FEATURE:1cxx_nullptr
    Feature record: CXX_FEATURE:1cxx_override
    Feature record: CXX_FEATURE:1cxx_range_for
    Feature record: CXX_FEATURE:1cxx_raw_string_literals
    Feature record: CXX_FEATURE:1cxx_reference_qualified_functions
    Feature record: CXX_FEATURE:1cxx_relaxed_constexpr
    Feature record: CXX_FEATURE:1cxx_return_type_deduction
    Feature record: CXX_FEATURE:1cxx_right_angle_brackets
    Feature record: CXX_FEATURE:1cxx_rvalue_references
    Feature record: CXX_FEATURE:1cxx_sizeof_member
    Feature record: CXX_FEATURE:1cxx_static_assert
    Feature record: CXX_FEATURE:1cxx_strong_enums
    Feature record: CXX_FEATURE:1cxx_template_template_parameters
    Feature record: CXX_FEATURE:0cxx_thread_local
    Feature record: CXX_FEATURE:1cxx_trailing_return_types
    Feature record: CXX_FEATURE:1cxx_unicode_literals
    Feature record: CXX_FEATURE:1cxx_uniform_initialization
    Feature record: CXX_FEATURE:1cxx_unrestricted_unions
    Feature record: CXX_FEATURE:1cxx_user_literals
    Feature record: CXX_FEATURE:1cxx_variable_templates
    Feature record: CXX_FEATURE:1cxx_variadic_macros
    Feature record: CXX_FEATURE:1cxx_variadic_templates


Detecting CXX [-std=c++11] compiler features compiled with the following output:
Change Dir: /Users/vs391k/arduino/wakaama/examples/client/CMakeFiles/CMakeTmp

Run Build Command:"/usr/bin/make" "cmTC_a021c/fast"
/Library/Developer/CommandLineTools/usr/bin/make -f CMakeFiles/cmTC_a021c.dir/build.make CMakeFiles/cmTC_a021c.dir/build
Building CXX object CMakeFiles/cmTC_a021c.dir/feature_tests.cxx.o
/Library/Developer/CommandLineTools/usr/bin/c++     -std=c++11 -o CMakeFiles/cmTC_a021c.dir/feature_tests.cxx.o -c /Users/vs391k/arduino/wakaama/examples/client/CMakeFiles/feature_tests.cxx
Linking CXX executable cmTC_a021c
/usr/local/Cellar/cmake/3.5.2/bin/cmake -E cmake_link_script CMakeFiles/cmTC_a021c.dir/link.txt --verbose=1
/Library/Developer/CommandLineTools/usr/bin/c++     -Wl,-search_paths_first -Wl,-headerpad_max_install_names   CMakeFiles/cmTC_a021c.dir/feature_tests.cxx.o  -o cmTC_a021c  


    Feature record: CXX_FEATURE:0cxx_aggregate_default_initializers
    Feature record: CXX_FEATURE:1cxx_alias_templates
    Feature record: CXX_FEATURE:1cxx_alignas
    Feature record: CXX_FEATURE:1cxx_alignof
    Feature record: CXX_FEATURE:1cxx_attributes
    Feature record: CXX_FEATURE:0cxx_attribute_deprecated
    Feature record: CXX_FEATURE:1cxx_auto_type
    Feature record: CXX_FEATURE:0cxx_binary_literals
    Feature record: CXX_FEATURE:1cxx_constexpr
    Feature record: CXX_FEATURE:0cxx_contextual_conversions
    Feature record: CXX_FEATURE:1cxx_decltype
    Feature record: CXX_FEATURE:0cxx_decltype_auto
    Feature record: CXX_FEATURE:1cxx_decltype_incomplete_return_types
    Feature record: CXX_FEATURE:1cxx_default_function_template_args
    Feature record: CXX_FEATURE:1cxx_defaulted_functions
    Feature record: CXX_FEATURE:1cxx_defaulted_move_initializers
    Feature record: CXX_FEATURE:1cxx_delegating_constructors
    Feature record: CXX_FEATURE:1cxx_deleted_functions
    Feature record: CXX_FEATURE:0cxx_digit_separators
    Feature record: CXX_FEATURE:1cxx_enum_forward_declarations
    Feature record: CXX_FEATURE:1cxx_explicit_conversions
    Feature record: CXX_FEATURE:1cxx_extended_friend_declarations
    Feature record: CXX_FEATURE:1cxx_extern_templates
    Feature record: CXX_FEATURE:1cxx_final
    Feature record: CXX_FEATURE:1cxx_func_identifier
    Feature record: CXX_FEATURE:1cxx_generalized_initializers
    Feature record: CXX_FEATURE:0cxx_generic_lambdas
    Feature record: CXX_FEATURE:1cxx_inheriting_constructors
    Feature record: CXX_FEATURE:1cxx_inline_namespaces
    Feature record: CXX_FEATURE:1cxx_lambdas
    Feature record: CXX_FEATURE:0cxx_lambda_init_captures
    Feature record: CXX_FEATURE:1cxx_local_type_template_args
    Feature record: CXX_FEATURE:1cxx_long_long_type
    Feature record: CXX_FEATURE:1cxx_noexcept
    Feature record: CXX_FEATURE:1cxx_nonstatic_member_init
    Feature record: CXX_FEATURE:1cxx_nullptr
    Feature record: CXX_FEATURE:1cxx_override
    Feature record: CXX_FEATURE:1cxx_range_for
    Feature record: CXX_FEATURE:1cxx_raw_string_literals
    Feature record: CXX_FEATURE:1cxx_reference_qualified_functions
    Feature record: CXX_FEATURE:0cxx_relaxed_constexpr
    Feature record: CXX_FEATURE:0cxx_return_type_deduction
    Feature record: CXX_FEATURE:1cxx_right_angle_brackets
    Feature record: CXX_FEATURE:1cxx_rvalue_references
    Feature record: CXX_FEATURE:1cxx_sizeof_member
    Feature record: CXX_FEATURE:1cxx_static_assert
    Feature record: CXX_FEATURE:1cxx_strong_enums
    Feature record: CXX_FEATURE:1cxx_template_template_parameters
    Feature record: CXX_FEATURE:0cxx_thread_local
    Feature record: CXX_FEATURE:1cxx_trailing_return_types
    Feature record: CXX_FEATURE:1cxx_unicode_literals
    Feature record: CXX_FEATURE:1cxx_uniform_initialization
    Feature record: CXX_FEATURE:1cxx_unrestricted_unions
    Feature record: CXX_FEATURE:1cxx_user_literals
    Feature record: CXX_FEATURE:0cxx_variable_templates
    Feature record: CXX_FEATURE:1cxx_variadic_macros
    Feature record: CXX_FEATURE:1cxx_variadic_templates


Detecting CXX [-std=c++98] compiler features compiled with the following output:
Change Dir: /Users/vs391k/arduino/wakaama/examples/client/CMakeFiles/CMakeTmp

Run Build Command:"/usr/bin/make" "cmTC_ebb93/fast"
/Library/Developer/CommandLineTools/usr/bin/make -f CMakeFiles/cmTC_ebb93.dir/build.make CMakeFiles/cmTC_ebb93.dir/build
Building CXX object CMakeFiles/cmTC_ebb93.dir/feature_tests.cxx.o
/Library/Developer/CommandLineTools/usr/bin/c++     -std=c++98 -o CMakeFiles/cmTC_ebb93.dir/feature_tests.cxx.o -c /Users/vs391k/arduino/wakaama/examples/client/CMakeFiles/feature_tests.cxx
Linking CXX executable cmTC_ebb93
/usr/local/Cellar/cmake/3.5.2/bin/cmake -E cmake_link_script CMakeFiles/cmTC_ebb93.dir/link.txt --verbose=1
/Library/Developer/CommandLineTools/usr/bin/c++     -Wl,-search_paths_first -Wl,-headerpad_max_install_names   CMakeFiles/cmTC_ebb93.dir/feature_tests.cxx.o  -o cmTC_ebb93  


    Feature record: CXX_FEATURE:0cxx_aggregate_default_initializers
    Feature record: CXX_FEATURE:0cxx_alias_templates
    Feature record: CXX_FEATURE:0cxx_alignas
    Feature record: CXX_FEATURE:0cxx_alignof
    Feature record: CXX_FEATURE:0cxx_attributes
    Feature record: CXX_FEATURE:0cxx_attribute_deprecated
    Feature record: CXX_FEATURE:0cxx_auto_type
    Feature record: CXX_FEATURE:0cxx_binary_literals
    Feature record: CXX_FEATURE:0cxx_constexpr
    Feature record: CXX_FEATURE:0cxx_contextual_conversions
    Feature record: CXX_FEATURE:0cxx_decltype
    Feature record: CXX_FEATURE:0cxx_decltype_auto
    Feature record: CXX_FEATURE:0cxx_decltype_incomplete_return_types
    Feature record: CXX_FEATURE:0cxx_default_function_template_args
    Feature record: CXX_FEATURE:0cxx_defaulted_functions
    Feature record: CXX_FEATURE:0cxx_defaulted_move_initializers
    Feature record: CXX_FEATURE:0cxx_delegating_constructors
    Feature record: CXX_FEATURE:0cxx_deleted_functions
    Feature record: CXX_FEATURE:0cxx_digit_separators
    Feature record: CXX_FEATURE:0cxx_enum_forward_declarations
    Feature record: CXX_FEATURE:0cxx_explicit_conversions
    Feature record: CXX_FEATURE:0cxx_extended_friend_declarations
    Feature record: CXX_FEATURE:0cxx_extern_templates
    Feature record: CXX_FEATURE:0cxx_final
    Feature record: CXX_FEATURE:0cxx_func_identifier
    Feature record: CXX_FEATURE:0cxx_generalized_initializers
    Feature record: CXX_FEATURE:0cxx_generic_lambdas
    Feature record: CXX_FEATURE:0cxx_inheriting_constructors
    Feature record: CXX_FEATURE:0cxx_inline_namespaces
    Feature record: CXX_FEATURE:0cxx_lambdas
    Feature record: CXX_FEATURE:0cxx_lambda_init_captures
    Feature record: CXX_FEATURE:0cxx_local_type_template_args
    Feature record: CXX_FEATURE:0cxx_long_long_type
    Feature record: CXX_FEATURE:0cxx_noexcept
    Feature record: CXX_FEATURE:0cxx_nonstatic_member_init
    Feature record: CXX_FEATURE:0cxx_nullptr
    Feature record: CXX_FEATURE:0cxx_override
    Feature record: CXX_FEATURE:0cxx_range_for
    Feature record: CXX_FEATURE:0cxx_raw_string_literals
    Feature record: CXX_FEATURE:0cxx_reference_qualified_functions
    Feature record: CXX_FEATURE:0cxx_relaxed_constexpr
    Feature record: CXX_FEATURE:0cxx_return_type_deduction
    Feature record: CXX_FEATURE:0cxx_right_angle_brackets
    Feature record: CXX_FEATURE:0cxx_rvalue_references
    Feature record: CXX_FEATURE:0cxx_sizeof_member
    Feature record: CXX_FEATURE:0cxx_static_assert
    Feature record: CXX_FEATURE:0cxx_strong_enums
    Feature record: CXX_FEATURE:1cxx_template_template_parameters
    Feature record: CXX_FEATURE:0cxx_thread_local
    Feature record: CXX_FEATURE:0cxx_trailing_return_types
    Feature record: CXX_FEATURE:0cxx_unicode_literals
    Feature record: CXX_FEATURE:0cxx_uniform_initialization
    Feature record: CXX_FEATURE:0cxx_unrestricted_unions
    Feature record: CXX_FEATURE:0cxx_user_literals
    Feature record: CXX_FEATURE:0cxx_variable_templates
    Feature record: CXX_FEATURE:0cxx_variadic_macros
    Feature record: CXX_FEATURE:0cxx_variadic_templates
Determining if the include file sys/types.h exists passed with the following output:
Change Dir: /Users/vs391k/arduino/wakaama/examples/client/CMakeFiles/CMakeTmp

Run Build Command:"/usr/bin/make" "cmTC_17973/fast"
/Library/Developer/CommandLineTools/usr/bin/make -f CMakeFiles/cmTC_17973.dir/build.make CMakeFiles/cmTC_17973.dir/build
Building C object CMakeFiles/cmTC_17973.dir/CheckIncludeFile.c.o
/Library/Developer/CommandLineTools/usr/bin/cc     -o CMakeFiles/cmTC_17973.dir/CheckIncludeFile.c.o   -c /Users/vs391k/arduino/wakaama/examples/client/CMakeFiles/CMakeTmp/CheckIncludeFile.c
Linking C executable cmTC_17973
/usr/local/Cellar/cmake/3.5.2/bin/cmake -E cmake_link_script CMakeFiles/cmTC_17973.dir/link.txt --verbose=1
/Library/Developer/CommandLineTools/usr/bin/cc    -Wl,-search_paths_first -Wl,-headerpad_max_install_names   CMakeFiles/cmTC_17973.dir/CheckIncludeFile.c.o  -o cmTC_17973  


Determining if the include file stdint.h exists passed with the following output:
Change Dir: /Users/vs391k/arduino/wakaama/examples/client/CMakeFiles/CMakeTmp

Run Build Command:"/usr/bin/make" "cmTC_e7a3f/fast"
/Library/Developer/CommandLineTools/usr/bin/make -f CMakeFiles/cmTC_e7a3f.dir/build.make CMakeFiles/cmTC_e7a3f.dir/build
Building C object CMakeFiles/cmTC_e7a3f.dir/CheckIncludeFile.c.o
/Library/Developer/CommandLineTools/usr/bin/cc     -o CMakeFiles/cmTC_e7a3f.dir/CheckIncludeFile.c.o   -c /Users/vs391k/arduino/wakaama/examples/client/CMakeFiles/CMakeTmp/CheckIncludeFile.c
Linking C executable cmTC_e7a3f
/usr/local/Cellar/cmake/3.5.2/bin/cmake -E cmake_link_script CMakeFiles/cmTC_e7a3f.dir/link.txt --verbose=1
/Library/Developer/CommandLineTools/usr/bin/cc    -Wl,-search_paths_first -Wl,-headerpad_max_install_names   CMakeFiles/cmTC_e7a3f.dir/CheckIncludeFile.c.o  -o cmTC_e7a3f  


Determining if the include file stddef.h exists passed with the following output:
Change Dir: /Users/vs391k/arduino/wakaama/examples/client/CMakeFiles/CMakeTmp

Run Build Command:"/usr/bin/make" "cmTC_260e3/fast"
/Library/Developer/CommandLineTools/usr/bin/make -f CMakeFiles/cmTC_260e3.dir/build.make CMakeFiles/cmTC_260e3.dir/build
Building C object CMakeFiles/cmTC_260e3.dir/CheckIncludeFile.c.o
/Library/Developer/CommandLineTools/usr/bin/cc     -o CMakeFiles/cmTC_260e3.dir/CheckIncludeFile.c.o   -c /Users/vs391k/arduino/wakaama/examples/client/CMakeFiles/CMakeTmp/CheckIncludeFile.c
Linking C executable cmTC_260e3
/usr/local/Cellar/cmake/3.5.2/bin/cmake -E cmake_link_script CMakeFiles/cmTC_260e3.dir/link.txt --verbose=1
/Library/Developer/CommandLineTools/usr/bin/cc    -Wl,-search_paths_first -Wl,-headerpad_max_install_names   CMakeFiles/cmTC_260e3.dir/CheckIncludeFile.c.o  -o cmTC_260e3  


Determining size of unsigned short passed with the following output:
Change Dir: /Users/vs391k/arduino/wakaama/examples/client/CMakeFiles/CMakeTmp

Run Build Command:"/usr/bin/make" "cmTC_286a3/fast"
/Library/Developer/CommandLineTools/usr/bin/make -f CMakeFiles/cmTC_286a3.dir/build.make CMakeFiles/cmTC_286a3.dir/build
Building C object CMakeFiles/cmTC_286a3.dir/CMAKE_SIZEOF_UNSIGNED_SHORT.c.o
/Library/Developer/CommandLineTools/usr/bin/cc     -o CMakeFiles/cmTC_286a3.dir/CMAKE_SIZEOF_UNSIGNED_SHORT.c.o   -c /Users/vs391k/arduino/wakaama/examples/client/CMakeFiles/CheckTypeSize/CMAKE_SIZEOF_UNSIGNED_SHORT.c
Linking C executable cmTC_286a3
/usr/local/Cellar/cmake/3.5.2/bin/cmake -E cmake_link_script CMakeFiles/cmTC_286a3.dir/link.txt --verbose=1
/Library/Developer/CommandLineTools/usr/bin/cc    -Wl,-search_paths_first -Wl,-headerpad_max_install_names   CMakeFiles/cmTC_286a3.dir/CMAKE_SIZEOF_UNSIGNED_SHORT.c.o  -o cmTC_286a3  


Determining if the include file sys/types.h exists passed with the following output:
Change Dir: /home/pi/wakaama/examples/client/CMakeFiles/CMakeTmp

Run Build Command:"/usr/bin/make" "cmTC_15ec5/fast"
/usr/bin/make -f CMakeFiles/cmTC_15ec5.dir/build.make CMakeFiles/cmTC_15ec5.dir/build
make[1]: Entering directory '/home/pi/wakaama/examples/client/CMakeFiles/CMakeTmp'
Building C object CMakeFiles/cmTC_15ec5.dir/CheckIncludeFile.c.o
/usr/bin/cc     -o CMakeFiles/cmTC_15ec5.dir/CheckIncludeFile.c.o   -c /home/pi/wakaama/examples/client/CMakeFiles/CMakeTmp/CheckIncludeFile.c
Linking C executable cmTC_15ec5
/usr/bin/cmake -E cmake_link_script CMakeFiles/cmTC_15ec5.dir/link.txt --verbose=1
/usr/bin/cc       CMakeFiles/cmTC_15ec5.dir/CheckIncludeFile.c.o  -o cmTC_15ec5 -rdynamic 
make[1]: Leaving directory '/home/pi/wakaama/examples/client/CMakeFiles/CMakeTmp'


Determining if the include file stdint.h exists passed with the following output:
Change Dir: /home/pi/wakaama/examples/client/CMakeFiles/CMakeTmp

Run Build Command:"/usr/bin/make" "cmTC_8307e/fast"
/usr/bin/make -f CMakeFiles/cmTC_8307e.dir/build.make CMakeFiles/cmTC_8307e.dir/build
make[1]: Entering directory '/home/pi/wakaama/examples/client/CMakeFiles/CMakeTmp'
Building C object CMakeFiles/cmTC_8307e.dir/CheckIncludeFile.c.o
/usr/bin/cc     -o CMakeFiles/cmTC_8307e.dir/CheckIncludeFile.c.o   -c /home/pi/wakaama/examples/client/CMakeFiles/CMakeTmp/CheckIncludeFile.c
Linking C executable cmTC_8307e
/usr/bin/cmake -E cmake_link_script CMakeFiles/cmTC_8307e.dir/link.txt --verbose=1
/usr/bin/cc       CMakeFiles/cmTC_8307e.dir/CheckIncludeFile.c.o  -o cmTC_8307e -rdynamic 
make[1]: Leaving directory '/home/pi/wakaama/examples/client/CMakeFiles/CMakeTmp'


Determining if the include file stddef.h exists passed with the following output:
Change Dir: /home/pi/wakaama/examples/client/CMakeFiles/CMakeTmp

Run Build Command:"/usr/bin/make" "cmTC_201f8/fast"
/usr/bin/make -f CMakeFiles/cmTC_201f8.dir/build.make CMakeFiles/cmTC_201f8.dir/build
make[1]: Entering directory '/home/pi/wakaama/examples/client/CMakeFiles/CMakeTmp'
Building C object CMakeFiles/cmTC_201f8.dir/CheckIncludeFile.c.o
/usr/bin/cc     -o CMakeFiles/cmTC_201f8.dir/CheckIncludeFile.c.o   -c /home/pi/wakaama/examples/client/CMakeFiles/CMakeTmp/CheckIncludeFile.c
Linking C executable cmTC_201f8
/usr/bin/cmake -E cmake_link_script CMakeFiles/cmTC_201f8.dir/link.txt --verbose=1
/usr/bin/cc       CMakeFiles/cmTC_201f8.dir/CheckIncludeFile.c.o  -o cmTC_201f8 -rdynamic 
make[1]: Leaving directory '/home/pi/wakaama/examples/client/CMakeFiles/CMakeTmp'


Determining size of unsigned short passed with the following output:
Change Dir: /home/pi/wakaama/examples/client/CMakeFiles/CMakeTmp

Run Build Command:"/usr/bin/make" "cmTC_e5b35/fast"
/usr/bin/make -f CMakeFiles/cmTC_e5b35.dir/build.make CMakeFiles/cmTC_e5b35.dir/build
make[1]: Entering directory '/home/pi/wakaama/examples/client/CMakeFiles/CMakeTmp'
Building C object CMakeFiles/cmTC_e5b35.dir/CMAKE_SIZEOF_UNSIGNED_SHORT.c.o
/usr/bin/cc     -o CMakeFiles/cmTC_e5b35.dir/CMAKE_SIZEOF_UNSIGNED_SHORT.c.o   -c /home/pi/wakaama/examples/client/CMakeFiles/CheckTypeSize/CMAKE_SIZEOF_UNSIGNED_SHORT.c
Linking C executable cmTC_e5b35
/usr/bin/cmake -E cmake_link_script CMakeFiles/cmTC_e5b35.dir/link.txt --verbose=1
/usr/bin/cc       CMakeFiles/cmTC_e5b35.dir/CMAKE_SIZEOF_UNSIGNED_SHORT.c.o  -o cmTC_e5b35 -rdynamic 
make[1]: Leaving directory '/home/pi/wakaama/examples/client/CMakeFiles/CMakeTmp'


Determining if the system is big endian passed with the following output:
Change Dir: /home/pi/wakaama/examples/client/CMakeFiles/CMakeTmp

Run Build Command:"/usr/bin/make" "cmTC_d486f/fast"
/usr/bin/make -f CMakeFiles/cmTC_d486f.dir/build.make CMakeFiles/cmTC_d486f.dir/build
make[1]: Entering directory '/home/pi/wakaama/examples/client/CMakeFiles/CMakeTmp'
Building C object CMakeFiles/cmTC_d486f.dir/TestEndianess.c.o
/usr/bin/cc     -o CMakeFiles/cmTC_d486f.dir/TestEndianess.c.o   -c /home/pi/wakaama/examples/client/CMakeFiles/CMakeTmp/TestEndianess.c
Linking C executable cmTC_d486f
/usr/bin/cmake -E cmake_link_script CMakeFiles/cmTC_d486f.dir/link.txt --verbose=1
/usr/bin/cc       CMakeFiles/cmTC_d486f.dir/TestEndianess.c.o  -o cmTC_d486f -rdynamic 
make[1]: Leaving directory '/home/pi/wakaama/examples/client/CMakeFiles/CMakeTmp'

TestEndianess.c:
/* A 16 bit integer is required. */
typedef unsigned short cmakeint16;

/* On a little endian machine, these 16bit ints will give "THIS IS LITTLE ENDIAN."
   On a big endian machine the characters will be exchanged pairwise. */
const cmakeint16 info_little[] =  {0x4854, 0x5349, 0x4920, 0x2053, 0x494c, 0x5454, 0x454c, 0x4520, 0x444e, 0x4149, 0x2e4e, 0x0000};

/* on a big endian machine, these 16bit ints will give "THIS IS BIG ENDIAN."
   On a little endian machine the characters will be exchanged pairwise. */
const cmakeint16 info_big[] =     {0x5448, 0x4953, 0x2049, 0x5320, 0x4249, 0x4720, 0x454e, 0x4449, 0x414e, 0x2e2e, 0x0000};

#ifdef __CLASSIC_C__
int main(argc, argv) int argc; char *argv[];
#else
int main(int argc, char *argv[])
#endif
{
  int require = 0;
  require += info_little[argc];
  require += info_big[argc];
  (void)argv;
  return require;
}


